[2024-12-11T05:30:40.350+0000] {processor.py:186} INFO - Started process (PID=46) to work on /opt/airflow/dags/dags_get_data2.py
[2024-12-11T05:30:40.351+0000] {processor.py:914} INFO - Processing file /opt/airflow/dags/dags_get_data2.py for tasks to queue
[2024-12-11T05:30:40.354+0000] {logging_mixin.py:190} INFO - [2024-12-11T05:30:40.353+0000] {dagbag.py:588} INFO - Filling up the DagBag from /opt/airflow/dags/dags_get_data2.py
[2024-12-11T05:30:40.401+0000] {processor.py:925} INFO - DAG(s) 'pro_dags_python_operator_get_data' retrieved from /opt/airflow/dags/dags_get_data2.py
[2024-12-11T05:30:40.657+0000] {logging_mixin.py:190} INFO - [2024-12-11T05:30:40.656+0000] {override.py:1911} INFO - Created Permission View: can edit on DAG:pro_dags_python_operator_get_data
[2024-12-11T05:30:40.680+0000] {logging_mixin.py:190} INFO - [2024-12-11T05:30:40.679+0000] {override.py:1911} INFO - Created Permission View: can delete on DAG:pro_dags_python_operator_get_data
[2024-12-11T05:30:40.690+0000] {logging_mixin.py:190} INFO - [2024-12-11T05:30:40.690+0000] {override.py:1911} INFO - Created Permission View: can read on DAG:pro_dags_python_operator_get_data
[2024-12-11T05:30:40.701+0000] {logging_mixin.py:190} INFO - [2024-12-11T05:30:40.701+0000] {override.py:1911} INFO - Created Permission View: menu access on DAG Run:pro_dags_python_operator_get_data
[2024-12-11T05:30:40.709+0000] {logging_mixin.py:190} INFO - [2024-12-11T05:30:40.709+0000] {override.py:1911} INFO - Created Permission View: can delete on DAG Run:pro_dags_python_operator_get_data
[2024-12-11T05:30:40.720+0000] {logging_mixin.py:190} INFO - [2024-12-11T05:30:40.719+0000] {override.py:1911} INFO - Created Permission View: can read on DAG Run:pro_dags_python_operator_get_data
[2024-12-11T05:30:40.730+0000] {logging_mixin.py:190} INFO - [2024-12-11T05:30:40.730+0000] {override.py:1911} INFO - Created Permission View: can create on DAG Run:pro_dags_python_operator_get_data
[2024-12-11T05:30:40.731+0000] {logging_mixin.py:190} INFO - [2024-12-11T05:30:40.730+0000] {dag.py:3239} INFO - Sync 1 DAGs
[2024-12-11T05:30:40.749+0000] {logging_mixin.py:190} INFO - [2024-12-11T05:30:40.749+0000] {dag.py:3262} INFO - Creating ORM DAG for pro_dags_python_operator_get_data
[2024-12-11T05:30:40.765+0000] {logging_mixin.py:190} INFO - [2024-12-11T05:30:40.765+0000] {dag.py:4180} INFO - Setting next_dagrun for pro_dags_python_operator_get_data to 2024-12-10 15:00:00+00:00, run_after=2024-12-11 15:00:00+00:00
[2024-12-11T05:30:40.790+0000] {processor.py:208} INFO - Processing /opt/airflow/dags/dags_get_data2.py took 0.447 seconds
[2024-12-11T05:31:11.465+0000] {processor.py:186} INFO - Started process (PID=111) to work on /opt/airflow/dags/dags_get_data2.py
[2024-12-11T05:31:11.468+0000] {processor.py:914} INFO - Processing file /opt/airflow/dags/dags_get_data2.py for tasks to queue
[2024-12-11T05:31:11.473+0000] {logging_mixin.py:190} INFO - [2024-12-11T05:31:11.473+0000] {dagbag.py:588} INFO - Filling up the DagBag from /opt/airflow/dags/dags_get_data2.py
[2024-12-11T05:31:11.507+0000] {processor.py:925} INFO - DAG(s) 'pro_dags_python_operator_get_data' retrieved from /opt/airflow/dags/dags_get_data2.py
[2024-12-11T05:31:11.518+0000] {logging_mixin.py:190} INFO - [2024-12-11T05:31:11.517+0000] {dag.py:3239} INFO - Sync 1 DAGs
[2024-12-11T05:31:11.539+0000] {logging_mixin.py:190} INFO - [2024-12-11T05:31:11.539+0000] {dag.py:4180} INFO - Setting next_dagrun for pro_dags_python_operator_get_data to 2024-12-10 15:00:00+00:00, run_after=2024-12-11 15:00:00+00:00
[2024-12-11T05:31:11.557+0000] {processor.py:208} INFO - Processing /opt/airflow/dags/dags_get_data2.py took 0.100 seconds
[2024-12-11T05:31:26.289+0000] {processor.py:186} INFO - Started process (PID=1342) to work on /opt/airflow/dags/dags_get_data2.py
[2024-12-11T05:31:26.290+0000] {processor.py:914} INFO - Processing file /opt/airflow/dags/dags_get_data2.py for tasks to queue
[2024-12-11T05:31:26.294+0000] {logging_mixin.py:190} INFO - [2024-12-11T05:31:26.293+0000] {dagbag.py:588} INFO - Filling up the DagBag from /opt/airflow/dags/dags_get_data2.py
[2024-12-11T05:31:26.317+0000] {processor.py:925} INFO - DAG(s) 'pro_dags_python_operator_get_data' retrieved from /opt/airflow/dags/dags_get_data2.py
[2024-12-11T05:31:26.417+0000] {logging_mixin.py:190} INFO - [2024-12-11T05:31:26.416+0000] {override.py:1911} INFO - Created Permission View: can read on DAG:pro_dags_python_operator_get_data
[2024-12-11T05:31:26.429+0000] {logging_mixin.py:190} INFO - [2024-12-11T05:31:26.429+0000] {override.py:1911} INFO - Created Permission View: can edit on DAG:pro_dags_python_operator_get_data
[2024-12-11T05:31:26.437+0000] {logging_mixin.py:190} INFO - [2024-12-11T05:31:26.436+0000] {override.py:1911} INFO - Created Permission View: can delete on DAG:pro_dags_python_operator_get_data
[2024-12-11T05:31:26.448+0000] {logging_mixin.py:190} INFO - [2024-12-11T05:31:26.448+0000] {override.py:1911} INFO - Created Permission View: can read on DAG Run:pro_dags_python_operator_get_data
[2024-12-11T05:31:26.457+0000] {logging_mixin.py:190} INFO - [2024-12-11T05:31:26.456+0000] {override.py:1911} INFO - Created Permission View: can delete on DAG Run:pro_dags_python_operator_get_data
[2024-12-11T05:31:26.469+0000] {logging_mixin.py:190} INFO - [2024-12-11T05:31:26.469+0000] {override.py:1911} INFO - Created Permission View: menu access on DAG Run:pro_dags_python_operator_get_data
[2024-12-11T05:31:26.478+0000] {logging_mixin.py:190} INFO - [2024-12-11T05:31:26.478+0000] {override.py:1911} INFO - Created Permission View: can create on DAG Run:pro_dags_python_operator_get_data
[2024-12-11T05:31:26.479+0000] {logging_mixin.py:190} INFO - [2024-12-11T05:31:26.478+0000] {dag.py:3239} INFO - Sync 1 DAGs
[2024-12-11T05:31:26.492+0000] {logging_mixin.py:190} INFO - [2024-12-11T05:31:26.492+0000] {dag.py:3262} INFO - Creating ORM DAG for pro_dags_python_operator_get_data
[2024-12-11T05:31:26.504+0000] {logging_mixin.py:190} INFO - [2024-12-11T05:31:26.504+0000] {dag.py:4180} INFO - Setting next_dagrun for pro_dags_python_operator_get_data to 2024-12-10 15:00:00+00:00, run_after=2024-12-11 15:00:00+00:00
[2024-12-11T05:31:26.526+0000] {processor.py:208} INFO - Processing /opt/airflow/dags/dags_get_data2.py took 0.243 seconds
[2024-12-11T05:31:41.814+0000] {processor.py:186} INFO - Started process (PID=176) to work on /opt/airflow/dags/dags_get_data2.py
[2024-12-11T05:31:41.816+0000] {processor.py:914} INFO - Processing file /opt/airflow/dags/dags_get_data2.py for tasks to queue
[2024-12-11T05:31:41.820+0000] {logging_mixin.py:190} INFO - [2024-12-11T05:31:41.820+0000] {dagbag.py:588} INFO - Filling up the DagBag from /opt/airflow/dags/dags_get_data2.py
[2024-12-11T05:31:41.846+0000] {processor.py:925} INFO - DAG(s) 'pro_dags_python_operator_get_data' retrieved from /opt/airflow/dags/dags_get_data2.py
[2024-12-11T05:31:41.858+0000] {logging_mixin.py:190} INFO - [2024-12-11T05:31:41.858+0000] {dag.py:3239} INFO - Sync 1 DAGs
[2024-12-11T05:31:41.895+0000] {logging_mixin.py:190} INFO - [2024-12-11T05:31:41.894+0000] {dag.py:4180} INFO - Setting next_dagrun for pro_dags_python_operator_get_data to 2024-12-10 15:00:00+00:00, run_after=2024-12-11 15:00:00+00:00
[2024-12-11T05:31:41.913+0000] {processor.py:208} INFO - Processing /opt/airflow/dags/dags_get_data2.py took 0.108 seconds
[2024-12-11T05:31:56.632+0000] {processor.py:186} INFO - Started process (PID=1408) to work on /opt/airflow/dags/dags_get_data2.py
[2024-12-11T05:31:56.634+0000] {processor.py:914} INFO - Processing file /opt/airflow/dags/dags_get_data2.py for tasks to queue
[2024-12-11T05:31:56.636+0000] {logging_mixin.py:190} INFO - [2024-12-11T05:31:56.636+0000] {dagbag.py:588} INFO - Filling up the DagBag from /opt/airflow/dags/dags_get_data2.py
[2024-12-11T05:31:56.663+0000] {processor.py:925} INFO - DAG(s) 'pro_dags_python_operator_get_data' retrieved from /opt/airflow/dags/dags_get_data2.py
[2024-12-11T05:31:56.675+0000] {logging_mixin.py:190} INFO - [2024-12-11T05:31:56.675+0000] {dag.py:3239} INFO - Sync 1 DAGs
[2024-12-11T05:31:56.697+0000] {logging_mixin.py:190} INFO - [2024-12-11T05:31:56.697+0000] {dag.py:4180} INFO - Setting next_dagrun for pro_dags_python_operator_get_data to 2024-12-10 15:00:00+00:00, run_after=2024-12-11 15:00:00+00:00
[2024-12-11T05:31:56.716+0000] {processor.py:208} INFO - Processing /opt/airflow/dags/dags_get_data2.py took 0.089 seconds
[2024-12-11T05:32:12.130+0000] {processor.py:186} INFO - Started process (PID=241) to work on /opt/airflow/dags/dags_get_data2.py
[2024-12-11T05:32:12.132+0000] {processor.py:914} INFO - Processing file /opt/airflow/dags/dags_get_data2.py for tasks to queue
[2024-12-11T05:32:12.134+0000] {logging_mixin.py:190} INFO - [2024-12-11T05:32:12.133+0000] {dagbag.py:588} INFO - Filling up the DagBag from /opt/airflow/dags/dags_get_data2.py
[2024-12-11T05:32:12.151+0000] {processor.py:925} INFO - DAG(s) 'pro_dags_python_operator_get_data' retrieved from /opt/airflow/dags/dags_get_data2.py
[2024-12-11T05:32:12.168+0000] {logging_mixin.py:190} INFO - [2024-12-11T05:32:12.168+0000] {dag.py:3239} INFO - Sync 1 DAGs
[2024-12-11T05:32:12.212+0000] {logging_mixin.py:190} INFO - [2024-12-11T05:32:12.212+0000] {dag.py:4180} INFO - Setting next_dagrun for pro_dags_python_operator_get_data to 2024-12-10 15:00:00+00:00, run_after=2024-12-11 15:00:00+00:00
[2024-12-11T05:32:12.236+0000] {processor.py:208} INFO - Processing /opt/airflow/dags/dags_get_data2.py took 0.110 seconds
[2024-12-11T05:32:27.035+0000] {processor.py:186} INFO - Started process (PID=1471) to work on /opt/airflow/dags/dags_get_data2.py
[2024-12-11T05:32:27.036+0000] {processor.py:914} INFO - Processing file /opt/airflow/dags/dags_get_data2.py for tasks to queue
[2024-12-11T05:32:27.039+0000] {logging_mixin.py:190} INFO - [2024-12-11T05:32:27.039+0000] {dagbag.py:588} INFO - Filling up the DagBag from /opt/airflow/dags/dags_get_data2.py
[2024-12-11T05:32:27.065+0000] {processor.py:925} INFO - DAG(s) 'pro_dags_python_operator_get_data' retrieved from /opt/airflow/dags/dags_get_data2.py
[2024-12-11T05:32:27.074+0000] {logging_mixin.py:190} INFO - [2024-12-11T05:32:27.074+0000] {dag.py:3239} INFO - Sync 1 DAGs
[2024-12-11T05:32:27.107+0000] {logging_mixin.py:190} INFO - [2024-12-11T05:32:27.107+0000] {dag.py:4180} INFO - Setting next_dagrun for pro_dags_python_operator_get_data to 2024-12-10 15:00:00+00:00, run_after=2024-12-11 15:00:00+00:00
[2024-12-11T05:32:27.126+0000] {processor.py:208} INFO - Processing /opt/airflow/dags/dags_get_data2.py took 0.097 seconds
[2024-12-11T05:32:42.830+0000] {processor.py:186} INFO - Started process (PID=306) to work on /opt/airflow/dags/dags_get_data2.py
[2024-12-11T05:32:42.831+0000] {processor.py:914} INFO - Processing file /opt/airflow/dags/dags_get_data2.py for tasks to queue
[2024-12-11T05:32:42.833+0000] {logging_mixin.py:190} INFO - [2024-12-11T05:32:42.833+0000] {dagbag.py:588} INFO - Filling up the DagBag from /opt/airflow/dags/dags_get_data2.py
[2024-12-11T05:32:42.857+0000] {processor.py:925} INFO - DAG(s) 'pro_dags_python_operator_get_data' retrieved from /opt/airflow/dags/dags_get_data2.py
[2024-12-11T05:32:42.866+0000] {logging_mixin.py:190} INFO - [2024-12-11T05:32:42.866+0000] {dag.py:3239} INFO - Sync 1 DAGs
[2024-12-11T05:32:42.907+0000] {logging_mixin.py:190} INFO - [2024-12-11T05:32:42.907+0000] {dag.py:4180} INFO - Setting next_dagrun for pro_dags_python_operator_get_data to 2024-12-10 15:00:00+00:00, run_after=2024-12-11 15:00:00+00:00
[2024-12-11T05:32:42.946+0000] {processor.py:208} INFO - Processing /opt/airflow/dags/dags_get_data2.py took 0.126 seconds
[2024-12-11T05:32:57.174+0000] {processor.py:186} INFO - Started process (PID=1513) to work on /opt/airflow/dags/dags_get_data2.py
[2024-12-11T05:32:57.175+0000] {processor.py:914} INFO - Processing file /opt/airflow/dags/dags_get_data2.py for tasks to queue
[2024-12-11T05:32:57.177+0000] {logging_mixin.py:190} INFO - [2024-12-11T05:32:57.177+0000] {dagbag.py:588} INFO - Filling up the DagBag from /opt/airflow/dags/dags_get_data2.py
[2024-12-11T05:32:57.196+0000] {processor.py:925} INFO - DAG(s) 'pro_dags_python_operator_get_data' retrieved from /opt/airflow/dags/dags_get_data2.py
[2024-12-11T05:32:57.206+0000] {logging_mixin.py:190} INFO - [2024-12-11T05:32:57.205+0000] {dag.py:3239} INFO - Sync 1 DAGs
[2024-12-11T05:32:57.222+0000] {logging_mixin.py:190} INFO - [2024-12-11T05:32:57.222+0000] {dag.py:4180} INFO - Setting next_dagrun for pro_dags_python_operator_get_data to 2024-12-10 15:00:00+00:00, run_after=2024-12-11 15:00:00+00:00
[2024-12-11T05:32:57.236+0000] {processor.py:208} INFO - Processing /opt/airflow/dags/dags_get_data2.py took 0.065 seconds
[2024-12-11T05:33:13.304+0000] {processor.py:186} INFO - Started process (PID=371) to work on /opt/airflow/dags/dags_get_data2.py
[2024-12-11T05:33:13.305+0000] {processor.py:914} INFO - Processing file /opt/airflow/dags/dags_get_data2.py for tasks to queue
[2024-12-11T05:33:13.313+0000] {logging_mixin.py:190} INFO - [2024-12-11T05:33:13.307+0000] {dagbag.py:588} INFO - Filling up the DagBag from /opt/airflow/dags/dags_get_data2.py
[2024-12-11T05:33:13.331+0000] {processor.py:925} INFO - DAG(s) 'pro_dags_python_operator_get_data' retrieved from /opt/airflow/dags/dags_get_data2.py
[2024-12-11T05:33:13.346+0000] {logging_mixin.py:190} INFO - [2024-12-11T05:33:13.346+0000] {dag.py:3239} INFO - Sync 1 DAGs
[2024-12-11T05:33:13.366+0000] {logging_mixin.py:190} INFO - [2024-12-11T05:33:13.365+0000] {dag.py:4180} INFO - Setting next_dagrun for pro_dags_python_operator_get_data to 2024-12-10 15:00:00+00:00, run_after=2024-12-11 15:00:00+00:00
[2024-12-11T05:33:13.386+0000] {processor.py:208} INFO - Processing /opt/airflow/dags/dags_get_data2.py took 0.090 seconds
[2024-12-11T05:33:28.397+0000] {processor.py:186} INFO - Started process (PID=1576) to work on /opt/airflow/dags/dags_get_data2.py
[2024-12-11T05:33:28.399+0000] {processor.py:914} INFO - Processing file /opt/airflow/dags/dags_get_data2.py for tasks to queue
[2024-12-11T05:33:28.401+0000] {logging_mixin.py:190} INFO - [2024-12-11T05:33:28.401+0000] {dagbag.py:588} INFO - Filling up the DagBag from /opt/airflow/dags/dags_get_data2.py
[2024-12-11T05:33:28.417+0000] {processor.py:925} INFO - DAG(s) 'pro_dags_python_operator_get_data' retrieved from /opt/airflow/dags/dags_get_data2.py
[2024-12-11T05:33:28.424+0000] {logging_mixin.py:190} INFO - [2024-12-11T05:33:28.424+0000] {dag.py:3239} INFO - Sync 1 DAGs
[2024-12-11T05:33:28.439+0000] {logging_mixin.py:190} INFO - [2024-12-11T05:33:28.439+0000] {dag.py:4180} INFO - Setting next_dagrun for pro_dags_python_operator_get_data to 2024-12-10 15:00:00+00:00, run_after=2024-12-11 15:00:00+00:00
[2024-12-11T05:33:28.453+0000] {processor.py:208} INFO - Processing /opt/airflow/dags/dags_get_data2.py took 0.060 seconds
[2024-12-11T05:33:43.791+0000] {processor.py:186} INFO - Started process (PID=436) to work on /opt/airflow/dags/dags_get_data2.py
[2024-12-11T05:33:43.792+0000] {processor.py:914} INFO - Processing file /opt/airflow/dags/dags_get_data2.py for tasks to queue
[2024-12-11T05:33:43.796+0000] {logging_mixin.py:190} INFO - [2024-12-11T05:33:43.795+0000] {dagbag.py:588} INFO - Filling up the DagBag from /opt/airflow/dags/dags_get_data2.py
[2024-12-11T05:33:43.820+0000] {processor.py:925} INFO - DAG(s) 'pro_dags_python_operator_get_data' retrieved from /opt/airflow/dags/dags_get_data2.py
[2024-12-11T05:33:43.830+0000] {logging_mixin.py:190} INFO - [2024-12-11T05:33:43.829+0000] {dag.py:3239} INFO - Sync 1 DAGs
[2024-12-11T05:33:43.858+0000] {logging_mixin.py:190} INFO - [2024-12-11T05:33:43.858+0000] {dag.py:4180} INFO - Setting next_dagrun for pro_dags_python_operator_get_data to 2024-12-10 15:00:00+00:00, run_after=2024-12-11 15:00:00+00:00
[2024-12-11T05:33:43.870+0000] {processor.py:208} INFO - Processing /opt/airflow/dags/dags_get_data2.py took 0.088 seconds
[2024-12-11T05:33:59.511+0000] {processor.py:186} INFO - Started process (PID=1642) to work on /opt/airflow/dags/dags_get_data2.py
[2024-12-11T05:33:59.512+0000] {processor.py:914} INFO - Processing file /opt/airflow/dags/dags_get_data2.py for tasks to queue
[2024-12-11T05:33:59.513+0000] {logging_mixin.py:190} INFO - [2024-12-11T05:33:59.513+0000] {dagbag.py:588} INFO - Filling up the DagBag from /opt/airflow/dags/dags_get_data2.py
[2024-12-11T05:33:59.529+0000] {processor.py:925} INFO - DAG(s) 'pro_dags_python_operator_get_data' retrieved from /opt/airflow/dags/dags_get_data2.py
[2024-12-11T05:33:59.536+0000] {logging_mixin.py:190} INFO - [2024-12-11T05:33:59.536+0000] {dag.py:3239} INFO - Sync 1 DAGs
[2024-12-11T05:33:59.552+0000] {logging_mixin.py:190} INFO - [2024-12-11T05:33:59.552+0000] {dag.py:4180} INFO - Setting next_dagrun for pro_dags_python_operator_get_data to 2024-12-10 15:00:00+00:00, run_after=2024-12-11 15:00:00+00:00
[2024-12-11T05:33:59.565+0000] {processor.py:208} INFO - Processing /opt/airflow/dags/dags_get_data2.py took 0.058 seconds
[2024-12-11T05:34:13.928+0000] {processor.py:186} INFO - Started process (PID=501) to work on /opt/airflow/dags/dags_get_data2.py
[2024-12-11T05:34:13.930+0000] {processor.py:914} INFO - Processing file /opt/airflow/dags/dags_get_data2.py for tasks to queue
[2024-12-11T05:34:13.932+0000] {logging_mixin.py:190} INFO - [2024-12-11T05:34:13.932+0000] {dagbag.py:588} INFO - Filling up the DagBag from /opt/airflow/dags/dags_get_data2.py
[2024-12-11T05:34:13.954+0000] {processor.py:925} INFO - DAG(s) 'pro_dags_python_operator_get_data' retrieved from /opt/airflow/dags/dags_get_data2.py
[2024-12-11T05:34:13.964+0000] {logging_mixin.py:190} INFO - [2024-12-11T05:34:13.963+0000] {dag.py:3239} INFO - Sync 1 DAGs
[2024-12-11T05:34:13.980+0000] {logging_mixin.py:190} INFO - [2024-12-11T05:34:13.980+0000] {dag.py:4180} INFO - Setting next_dagrun for pro_dags_python_operator_get_data to 2024-12-10 15:00:00+00:00, run_after=2024-12-11 15:00:00+00:00
[2024-12-11T05:34:13.993+0000] {processor.py:208} INFO - Processing /opt/airflow/dags/dags_get_data2.py took 0.081 seconds
[2024-12-11T05:34:31.159+0000] {processor.py:186} INFO - Started process (PID=1710) to work on /opt/airflow/dags/dags_get_data2.py
[2024-12-11T05:34:31.160+0000] {processor.py:914} INFO - Processing file /opt/airflow/dags/dags_get_data2.py for tasks to queue
[2024-12-11T05:34:31.163+0000] {logging_mixin.py:190} INFO - [2024-12-11T05:34:31.162+0000] {dagbag.py:588} INFO - Filling up the DagBag from /opt/airflow/dags/dags_get_data2.py
[2024-12-11T05:34:31.180+0000] {processor.py:925} INFO - DAG(s) 'pro_dags_python_operator_get_data' retrieved from /opt/airflow/dags/dags_get_data2.py
[2024-12-11T05:34:31.188+0000] {logging_mixin.py:190} INFO - [2024-12-11T05:34:31.188+0000] {dag.py:3239} INFO - Sync 1 DAGs
[2024-12-11T05:34:31.206+0000] {logging_mixin.py:190} INFO - [2024-12-11T05:34:31.206+0000] {dag.py:4180} INFO - Setting next_dagrun for pro_dags_python_operator_get_data to 2024-12-10 15:00:00+00:00, run_after=2024-12-11 15:00:00+00:00
[2024-12-11T05:34:31.222+0000] {processor.py:208} INFO - Processing /opt/airflow/dags/dags_get_data2.py took 0.068 seconds
[2024-12-11T05:34:44.978+0000] {processor.py:186} INFO - Started process (PID=566) to work on /opt/airflow/dags/dags_get_data2.py
[2024-12-11T05:34:44.980+0000] {processor.py:914} INFO - Processing file /opt/airflow/dags/dags_get_data2.py for tasks to queue
[2024-12-11T05:34:44.989+0000] {logging_mixin.py:190} INFO - [2024-12-11T05:34:44.989+0000] {dagbag.py:588} INFO - Filling up the DagBag from /opt/airflow/dags/dags_get_data2.py
[2024-12-11T05:34:45.023+0000] {processor.py:925} INFO - DAG(s) 'pro_dags_python_operator_get_data' retrieved from /opt/airflow/dags/dags_get_data2.py
[2024-12-11T05:34:45.033+0000] {logging_mixin.py:190} INFO - [2024-12-11T05:34:45.033+0000] {dag.py:3239} INFO - Sync 1 DAGs
[2024-12-11T05:34:45.059+0000] {logging_mixin.py:190} INFO - [2024-12-11T05:34:45.059+0000] {dag.py:4180} INFO - Setting next_dagrun for pro_dags_python_operator_get_data to 2024-12-10 15:00:00+00:00, run_after=2024-12-11 15:00:00+00:00
[2024-12-11T05:34:45.075+0000] {processor.py:208} INFO - Processing /opt/airflow/dags/dags_get_data2.py took 0.102 seconds
[2024-12-11T05:35:01.285+0000] {processor.py:186} INFO - Started process (PID=1766) to work on /opt/airflow/dags/dags_get_data2.py
[2024-12-11T05:35:01.285+0000] {processor.py:914} INFO - Processing file /opt/airflow/dags/dags_get_data2.py for tasks to queue
[2024-12-11T05:35:01.287+0000] {logging_mixin.py:190} INFO - [2024-12-11T05:35:01.287+0000] {dagbag.py:588} INFO - Filling up the DagBag from /opt/airflow/dags/dags_get_data2.py
[2024-12-11T05:35:01.307+0000] {processor.py:925} INFO - DAG(s) 'pro_dags_python_operator_get_data' retrieved from /opt/airflow/dags/dags_get_data2.py
[2024-12-11T05:35:01.315+0000] {logging_mixin.py:190} INFO - [2024-12-11T05:35:01.314+0000] {dag.py:3239} INFO - Sync 1 DAGs
[2024-12-11T05:35:01.332+0000] {logging_mixin.py:190} INFO - [2024-12-11T05:35:01.332+0000] {dag.py:4180} INFO - Setting next_dagrun for pro_dags_python_operator_get_data to 2024-12-10 15:00:00+00:00, run_after=2024-12-11 15:00:00+00:00
[2024-12-11T05:35:01.346+0000] {processor.py:208} INFO - Processing /opt/airflow/dags/dags_get_data2.py took 0.065 seconds
[2024-12-11T05:35:15.187+0000] {processor.py:186} INFO - Started process (PID=631) to work on /opt/airflow/dags/dags_get_data2.py
[2024-12-11T05:35:15.188+0000] {processor.py:914} INFO - Processing file /opt/airflow/dags/dags_get_data2.py for tasks to queue
[2024-12-11T05:35:15.190+0000] {logging_mixin.py:190} INFO - [2024-12-11T05:35:15.189+0000] {dagbag.py:588} INFO - Filling up the DagBag from /opt/airflow/dags/dags_get_data2.py
[2024-12-11T05:35:15.210+0000] {processor.py:925} INFO - DAG(s) 'pro_dags_python_operator_get_data' retrieved from /opt/airflow/dags/dags_get_data2.py
[2024-12-11T05:35:15.220+0000] {logging_mixin.py:190} INFO - [2024-12-11T05:35:15.220+0000] {dag.py:3239} INFO - Sync 1 DAGs
[2024-12-11T05:35:15.245+0000] {logging_mixin.py:190} INFO - [2024-12-11T05:35:15.244+0000] {dag.py:4180} INFO - Setting next_dagrun for pro_dags_python_operator_get_data to 2024-12-10 15:00:00+00:00, run_after=2024-12-11 15:00:00+00:00
[2024-12-11T05:35:15.262+0000] {processor.py:208} INFO - Processing /opt/airflow/dags/dags_get_data2.py took 0.082 seconds
[2024-12-11T05:35:31.822+0000] {processor.py:186} INFO - Started process (PID=1828) to work on /opt/airflow/dags/dags_get_data2.py
[2024-12-11T05:35:31.823+0000] {processor.py:914} INFO - Processing file /opt/airflow/dags/dags_get_data2.py for tasks to queue
[2024-12-11T05:35:31.828+0000] {logging_mixin.py:190} INFO - [2024-12-11T05:35:31.828+0000] {dagbag.py:588} INFO - Filling up the DagBag from /opt/airflow/dags/dags_get_data2.py
[2024-12-11T05:35:31.870+0000] {processor.py:925} INFO - DAG(s) 'pro_dags_python_operator_get_data' retrieved from /opt/airflow/dags/dags_get_data2.py
[2024-12-11T05:35:31.888+0000] {logging_mixin.py:190} INFO - [2024-12-11T05:35:31.887+0000] {dag.py:3239} INFO - Sync 1 DAGs
[2024-12-11T05:35:31.912+0000] {logging_mixin.py:190} INFO - [2024-12-11T05:35:31.912+0000] {dag.py:4180} INFO - Setting next_dagrun for pro_dags_python_operator_get_data to 2024-12-10 15:00:00+00:00, run_after=2024-12-11 15:00:00+00:00
[2024-12-11T05:35:31.931+0000] {processor.py:208} INFO - Processing /opt/airflow/dags/dags_get_data2.py took 0.113 seconds
[2024-12-11T05:35:45.893+0000] {processor.py:186} INFO - Started process (PID=696) to work on /opt/airflow/dags/dags_get_data2.py
[2024-12-11T05:35:45.895+0000] {processor.py:914} INFO - Processing file /opt/airflow/dags/dags_get_data2.py for tasks to queue
[2024-12-11T05:35:45.897+0000] {logging_mixin.py:190} INFO - [2024-12-11T05:35:45.897+0000] {dagbag.py:588} INFO - Filling up the DagBag from /opt/airflow/dags/dags_get_data2.py
[2024-12-11T05:35:45.926+0000] {processor.py:925} INFO - DAG(s) 'pro_dags_python_operator_get_data' retrieved from /opt/airflow/dags/dags_get_data2.py
[2024-12-11T05:35:45.936+0000] {logging_mixin.py:190} INFO - [2024-12-11T05:35:45.935+0000] {dag.py:3239} INFO - Sync 1 DAGs
[2024-12-11T05:35:45.962+0000] {logging_mixin.py:190} INFO - [2024-12-11T05:35:45.962+0000] {dag.py:4180} INFO - Setting next_dagrun for pro_dags_python_operator_get_data to 2024-12-10 15:00:00+00:00, run_after=2024-12-11 15:00:00+00:00
[2024-12-11T05:35:45.983+0000] {processor.py:208} INFO - Processing /opt/airflow/dags/dags_get_data2.py took 0.094 seconds
[2024-12-11T05:36:02.150+0000] {processor.py:186} INFO - Started process (PID=1892) to work on /opt/airflow/dags/dags_get_data2.py
[2024-12-11T05:36:02.151+0000] {processor.py:914} INFO - Processing file /opt/airflow/dags/dags_get_data2.py for tasks to queue
[2024-12-11T05:36:02.156+0000] {logging_mixin.py:190} INFO - [2024-12-11T05:36:02.155+0000] {dagbag.py:588} INFO - Filling up the DagBag from /opt/airflow/dags/dags_get_data2.py
[2024-12-11T05:36:02.176+0000] {processor.py:925} INFO - DAG(s) 'pro_dags_python_operator_get_data' retrieved from /opt/airflow/dags/dags_get_data2.py
[2024-12-11T05:36:02.185+0000] {logging_mixin.py:190} INFO - [2024-12-11T05:36:02.185+0000] {dag.py:3239} INFO - Sync 1 DAGs
[2024-12-11T05:36:02.209+0000] {logging_mixin.py:190} INFO - [2024-12-11T05:36:02.209+0000] {dag.py:4180} INFO - Setting next_dagrun for pro_dags_python_operator_get_data to 2024-12-10 15:00:00+00:00, run_after=2024-12-11 15:00:00+00:00
[2024-12-11T05:36:02.234+0000] {processor.py:208} INFO - Processing /opt/airflow/dags/dags_get_data2.py took 0.088 seconds
[2024-12-11T05:36:16.751+0000] {processor.py:186} INFO - Started process (PID=761) to work on /opt/airflow/dags/dags_get_data2.py
[2024-12-11T05:36:16.752+0000] {processor.py:914} INFO - Processing file /opt/airflow/dags/dags_get_data2.py for tasks to queue
[2024-12-11T05:36:16.754+0000] {logging_mixin.py:190} INFO - [2024-12-11T05:36:16.754+0000] {dagbag.py:588} INFO - Filling up the DagBag from /opt/airflow/dags/dags_get_data2.py
[2024-12-11T05:36:16.787+0000] {processor.py:925} INFO - DAG(s) 'pro_dags_python_operator_get_data' retrieved from /opt/airflow/dags/dags_get_data2.py
[2024-12-11T05:36:16.808+0000] {logging_mixin.py:190} INFO - [2024-12-11T05:36:16.807+0000] {dag.py:3239} INFO - Sync 1 DAGs
[2024-12-11T05:36:16.834+0000] {logging_mixin.py:190} INFO - [2024-12-11T05:36:16.833+0000] {dag.py:4180} INFO - Setting next_dagrun for pro_dags_python_operator_get_data to 2024-12-10 15:00:00+00:00, run_after=2024-12-11 15:00:00+00:00
[2024-12-11T05:36:16.848+0000] {processor.py:208} INFO - Processing /opt/airflow/dags/dags_get_data2.py took 0.101 seconds
[2024-12-11T05:36:32.579+0000] {processor.py:186} INFO - Started process (PID=1957) to work on /opt/airflow/dags/dags_get_data2.py
[2024-12-11T05:36:32.581+0000] {processor.py:914} INFO - Processing file /opt/airflow/dags/dags_get_data2.py for tasks to queue
[2024-12-11T05:36:32.583+0000] {logging_mixin.py:190} INFO - [2024-12-11T05:36:32.583+0000] {dagbag.py:588} INFO - Filling up the DagBag from /opt/airflow/dags/dags_get_data2.py
[2024-12-11T05:36:32.620+0000] {processor.py:925} INFO - DAG(s) 'pro_dags_python_operator_get_data' retrieved from /opt/airflow/dags/dags_get_data2.py
[2024-12-11T05:36:32.651+0000] {logging_mixin.py:190} INFO - [2024-12-11T05:36:32.651+0000] {dag.py:3239} INFO - Sync 1 DAGs
[2024-12-11T05:36:32.685+0000] {logging_mixin.py:190} INFO - [2024-12-11T05:36:32.685+0000] {dag.py:4180} INFO - Setting next_dagrun for pro_dags_python_operator_get_data to 2024-12-10 15:00:00+00:00, run_after=2024-12-11 15:00:00+00:00
[2024-12-11T05:36:32.711+0000] {processor.py:208} INFO - Processing /opt/airflow/dags/dags_get_data2.py took 0.137 seconds
[2024-12-11T05:36:47.693+0000] {processor.py:186} INFO - Started process (PID=825) to work on /opt/airflow/dags/dags_get_data2.py
[2024-12-11T05:36:47.695+0000] {processor.py:914} INFO - Processing file /opt/airflow/dags/dags_get_data2.py for tasks to queue
[2024-12-11T05:36:47.697+0000] {logging_mixin.py:190} INFO - [2024-12-11T05:36:47.696+0000] {dagbag.py:588} INFO - Filling up the DagBag from /opt/airflow/dags/dags_get_data2.py
[2024-12-11T05:36:47.739+0000] {processor.py:925} INFO - DAG(s) 'pro_dags_python_operator_get_data' retrieved from /opt/airflow/dags/dags_get_data2.py
[2024-12-11T05:36:47.759+0000] {logging_mixin.py:190} INFO - [2024-12-11T05:36:47.759+0000] {dag.py:3239} INFO - Sync 1 DAGs
[2024-12-11T05:36:47.810+0000] {logging_mixin.py:190} INFO - [2024-12-11T05:36:47.810+0000] {dag.py:4180} INFO - Setting next_dagrun for pro_dags_python_operator_get_data to 2024-12-10 15:00:00+00:00, run_after=2024-12-11 15:00:00+00:00
[2024-12-11T05:36:47.839+0000] {processor.py:208} INFO - Processing /opt/airflow/dags/dags_get_data2.py took 0.150 seconds
[2024-12-11T05:37:02.834+0000] {processor.py:186} INFO - Started process (PID=2022) to work on /opt/airflow/dags/dags_get_data2.py
[2024-12-11T05:37:02.837+0000] {processor.py:914} INFO - Processing file /opt/airflow/dags/dags_get_data2.py for tasks to queue
[2024-12-11T05:37:02.839+0000] {logging_mixin.py:190} INFO - [2024-12-11T05:37:02.839+0000] {dagbag.py:588} INFO - Filling up the DagBag from /opt/airflow/dags/dags_get_data2.py
[2024-12-11T05:37:02.858+0000] {processor.py:925} INFO - DAG(s) 'pro_dags_python_operator_get_data' retrieved from /opt/airflow/dags/dags_get_data2.py
[2024-12-11T05:37:02.866+0000] {logging_mixin.py:190} INFO - [2024-12-11T05:37:02.865+0000] {dag.py:3239} INFO - Sync 1 DAGs
[2024-12-11T05:37:02.884+0000] {logging_mixin.py:190} INFO - [2024-12-11T05:37:02.884+0000] {dag.py:4180} INFO - Setting next_dagrun for pro_dags_python_operator_get_data to 2024-12-10 15:00:00+00:00, run_after=2024-12-11 15:00:00+00:00
[2024-12-11T05:37:02.897+0000] {processor.py:208} INFO - Processing /opt/airflow/dags/dags_get_data2.py took 0.068 seconds
[2024-12-11T05:37:18.259+0000] {processor.py:186} INFO - Started process (PID=890) to work on /opt/airflow/dags/dags_get_data2.py
[2024-12-11T05:37:18.261+0000] {processor.py:914} INFO - Processing file /opt/airflow/dags/dags_get_data2.py for tasks to queue
[2024-12-11T05:37:18.262+0000] {logging_mixin.py:190} INFO - [2024-12-11T05:37:18.262+0000] {dagbag.py:588} INFO - Filling up the DagBag from /opt/airflow/dags/dags_get_data2.py
[2024-12-11T05:37:18.279+0000] {processor.py:925} INFO - DAG(s) 'pro_dags_python_operator_get_data' retrieved from /opt/airflow/dags/dags_get_data2.py
[2024-12-11T05:37:18.286+0000] {logging_mixin.py:190} INFO - [2024-12-11T05:37:18.286+0000] {dag.py:3239} INFO - Sync 1 DAGs
[2024-12-11T05:37:18.305+0000] {logging_mixin.py:190} INFO - [2024-12-11T05:37:18.305+0000] {dag.py:4180} INFO - Setting next_dagrun for pro_dags_python_operator_get_data to 2024-12-10 15:00:00+00:00, run_after=2024-12-11 15:00:00+00:00
[2024-12-11T05:37:18.326+0000] {processor.py:208} INFO - Processing /opt/airflow/dags/dags_get_data2.py took 0.071 seconds
[2024-12-11T05:37:33.139+0000] {processor.py:186} INFO - Started process (PID=2087) to work on /opt/airflow/dags/dags_get_data2.py
[2024-12-11T05:37:33.140+0000] {processor.py:914} INFO - Processing file /opt/airflow/dags/dags_get_data2.py for tasks to queue
[2024-12-11T05:37:33.144+0000] {logging_mixin.py:190} INFO - [2024-12-11T05:37:33.143+0000] {dagbag.py:588} INFO - Filling up the DagBag from /opt/airflow/dags/dags_get_data2.py
[2024-12-11T05:37:33.164+0000] {processor.py:925} INFO - DAG(s) 'pro_dags_python_operator_get_data' retrieved from /opt/airflow/dags/dags_get_data2.py
[2024-12-11T05:37:33.176+0000] {logging_mixin.py:190} INFO - [2024-12-11T05:37:33.176+0000] {dag.py:3239} INFO - Sync 1 DAGs
[2024-12-11T05:37:33.202+0000] {logging_mixin.py:190} INFO - [2024-12-11T05:37:33.201+0000] {dag.py:4180} INFO - Setting next_dagrun for pro_dags_python_operator_get_data to 2024-12-10 15:00:00+00:00, run_after=2024-12-11 15:00:00+00:00
[2024-12-11T05:37:33.224+0000] {processor.py:208} INFO - Processing /opt/airflow/dags/dags_get_data2.py took 0.089 seconds
[2024-12-11T05:37:49.125+0000] {processor.py:186} INFO - Started process (PID=955) to work on /opt/airflow/dags/dags_get_data2.py
[2024-12-11T05:37:49.131+0000] {processor.py:914} INFO - Processing file /opt/airflow/dags/dags_get_data2.py for tasks to queue
[2024-12-11T05:37:49.132+0000] {logging_mixin.py:190} INFO - [2024-12-11T05:37:49.132+0000] {dagbag.py:588} INFO - Filling up the DagBag from /opt/airflow/dags/dags_get_data2.py
[2024-12-11T05:37:49.149+0000] {processor.py:925} INFO - DAG(s) 'pro_dags_python_operator_get_data' retrieved from /opt/airflow/dags/dags_get_data2.py
[2024-12-11T05:37:49.159+0000] {logging_mixin.py:190} INFO - [2024-12-11T05:37:49.159+0000] {dag.py:3239} INFO - Sync 1 DAGs
[2024-12-11T05:37:49.178+0000] {logging_mixin.py:190} INFO - [2024-12-11T05:37:49.178+0000] {dag.py:4180} INFO - Setting next_dagrun for pro_dags_python_operator_get_data to 2024-12-10 15:00:00+00:00, run_after=2024-12-11 15:00:00+00:00
[2024-12-11T05:37:49.196+0000] {processor.py:208} INFO - Processing /opt/airflow/dags/dags_get_data2.py took 0.076 seconds
[2024-12-11T05:38:03.522+0000] {processor.py:186} INFO - Started process (PID=2152) to work on /opt/airflow/dags/dags_get_data2.py
[2024-12-11T05:38:03.523+0000] {processor.py:914} INFO - Processing file /opt/airflow/dags/dags_get_data2.py for tasks to queue
[2024-12-11T05:38:03.527+0000] {logging_mixin.py:190} INFO - [2024-12-11T05:38:03.526+0000] {dagbag.py:588} INFO - Filling up the DagBag from /opt/airflow/dags/dags_get_data2.py
[2024-12-11T05:38:03.557+0000] {processor.py:925} INFO - DAG(s) 'pro_dags_python_operator_get_data' retrieved from /opt/airflow/dags/dags_get_data2.py
[2024-12-11T05:38:03.571+0000] {logging_mixin.py:190} INFO - [2024-12-11T05:38:03.571+0000] {dag.py:3239} INFO - Sync 1 DAGs
[2024-12-11T05:38:03.602+0000] {logging_mixin.py:190} INFO - [2024-12-11T05:38:03.601+0000] {dag.py:4180} INFO - Setting next_dagrun for pro_dags_python_operator_get_data to 2024-12-10 15:00:00+00:00, run_after=2024-12-11 15:00:00+00:00
[2024-12-11T05:38:03.624+0000] {processor.py:208} INFO - Processing /opt/airflow/dags/dags_get_data2.py took 0.110 seconds
[2024-12-11T05:38:19.255+0000] {processor.py:186} INFO - Started process (PID=1019) to work on /opt/airflow/dags/dags_get_data2.py
[2024-12-11T05:38:19.257+0000] {processor.py:914} INFO - Processing file /opt/airflow/dags/dags_get_data2.py for tasks to queue
[2024-12-11T05:38:19.265+0000] {logging_mixin.py:190} INFO - [2024-12-11T05:38:19.258+0000] {dagbag.py:588} INFO - Filling up the DagBag from /opt/airflow/dags/dags_get_data2.py
[2024-12-11T05:38:19.291+0000] {processor.py:925} INFO - DAG(s) 'pro_dags_python_operator_get_data' retrieved from /opt/airflow/dags/dags_get_data2.py
[2024-12-11T05:38:19.300+0000] {logging_mixin.py:190} INFO - [2024-12-11T05:38:19.299+0000] {dag.py:3239} INFO - Sync 1 DAGs
[2024-12-11T05:38:19.320+0000] {logging_mixin.py:190} INFO - [2024-12-11T05:38:19.319+0000] {dag.py:4180} INFO - Setting next_dagrun for pro_dags_python_operator_get_data to 2024-12-10 15:00:00+00:00, run_after=2024-12-11 15:00:00+00:00
[2024-12-11T05:38:19.334+0000] {processor.py:208} INFO - Processing /opt/airflow/dags/dags_get_data2.py took 0.084 seconds
[2024-12-11T05:38:34.360+0000] {processor.py:186} INFO - Started process (PID=2216) to work on /opt/airflow/dags/dags_get_data2.py
[2024-12-11T05:38:34.362+0000] {processor.py:914} INFO - Processing file /opt/airflow/dags/dags_get_data2.py for tasks to queue
[2024-12-11T05:38:34.364+0000] {logging_mixin.py:190} INFO - [2024-12-11T05:38:34.363+0000] {dagbag.py:588} INFO - Filling up the DagBag from /opt/airflow/dags/dags_get_data2.py
[2024-12-11T05:38:34.396+0000] {processor.py:925} INFO - DAG(s) 'pro_dags_python_operator_get_data' retrieved from /opt/airflow/dags/dags_get_data2.py
[2024-12-11T05:38:34.406+0000] {logging_mixin.py:190} INFO - [2024-12-11T05:38:34.406+0000] {dag.py:3239} INFO - Sync 1 DAGs
[2024-12-11T05:38:34.429+0000] {logging_mixin.py:190} INFO - [2024-12-11T05:38:34.429+0000] {dag.py:4180} INFO - Setting next_dagrun for pro_dags_python_operator_get_data to 2024-12-10 15:00:00+00:00, run_after=2024-12-11 15:00:00+00:00
[2024-12-11T05:38:34.447+0000] {processor.py:208} INFO - Processing /opt/airflow/dags/dags_get_data2.py took 0.093 seconds
[2024-12-11T05:38:50.241+0000] {processor.py:186} INFO - Started process (PID=1084) to work on /opt/airflow/dags/dags_get_data2.py
[2024-12-11T05:38:50.243+0000] {processor.py:914} INFO - Processing file /opt/airflow/dags/dags_get_data2.py for tasks to queue
[2024-12-11T05:38:50.244+0000] {logging_mixin.py:190} INFO - [2024-12-11T05:38:50.244+0000] {dagbag.py:588} INFO - Filling up the DagBag from /opt/airflow/dags/dags_get_data2.py
[2024-12-11T05:38:50.279+0000] {processor.py:925} INFO - DAG(s) 'pro_dags_python_operator_get_data' retrieved from /opt/airflow/dags/dags_get_data2.py
[2024-12-11T05:38:50.287+0000] {logging_mixin.py:190} INFO - [2024-12-11T05:38:50.287+0000] {dag.py:3239} INFO - Sync 1 DAGs
[2024-12-11T05:38:50.319+0000] {logging_mixin.py:190} INFO - [2024-12-11T05:38:50.319+0000] {dag.py:4180} INFO - Setting next_dagrun for pro_dags_python_operator_get_data to 2024-12-10 15:00:00+00:00, run_after=2024-12-11 15:00:00+00:00
[2024-12-11T05:38:50.344+0000] {processor.py:208} INFO - Processing /opt/airflow/dags/dags_get_data2.py took 0.107 seconds
[2024-12-11T05:39:05.203+0000] {processor.py:186} INFO - Started process (PID=2281) to work on /opt/airflow/dags/dags_get_data2.py
[2024-12-11T05:39:05.204+0000] {processor.py:914} INFO - Processing file /opt/airflow/dags/dags_get_data2.py for tasks to queue
[2024-12-11T05:39:05.207+0000] {logging_mixin.py:190} INFO - [2024-12-11T05:39:05.206+0000] {dagbag.py:588} INFO - Filling up the DagBag from /opt/airflow/dags/dags_get_data2.py
[2024-12-11T05:39:05.231+0000] {processor.py:925} INFO - DAG(s) 'pro_dags_python_operator_get_data' retrieved from /opt/airflow/dags/dags_get_data2.py
[2024-12-11T05:39:05.243+0000] {logging_mixin.py:190} INFO - [2024-12-11T05:39:05.243+0000] {dag.py:3239} INFO - Sync 1 DAGs
[2024-12-11T05:39:05.274+0000] {logging_mixin.py:190} INFO - [2024-12-11T05:39:05.274+0000] {dag.py:4180} INFO - Setting next_dagrun for pro_dags_python_operator_get_data to 2024-12-10 15:00:00+00:00, run_after=2024-12-11 15:00:00+00:00
[2024-12-11T05:39:05.302+0000] {processor.py:208} INFO - Processing /opt/airflow/dags/dags_get_data2.py took 0.103 seconds
[2024-12-11T05:39:21.104+0000] {processor.py:186} INFO - Started process (PID=1149) to work on /opt/airflow/dags/dags_get_data2.py
[2024-12-11T05:39:21.106+0000] {processor.py:914} INFO - Processing file /opt/airflow/dags/dags_get_data2.py for tasks to queue
[2024-12-11T05:39:21.107+0000] {logging_mixin.py:190} INFO - [2024-12-11T05:39:21.107+0000] {dagbag.py:588} INFO - Filling up the DagBag from /opt/airflow/dags/dags_get_data2.py
[2024-12-11T05:39:21.135+0000] {processor.py:925} INFO - DAG(s) 'pro_dags_python_operator_get_data' retrieved from /opt/airflow/dags/dags_get_data2.py
[2024-12-11T05:39:21.144+0000] {logging_mixin.py:190} INFO - [2024-12-11T05:39:21.143+0000] {dag.py:3239} INFO - Sync 1 DAGs
[2024-12-11T05:39:21.170+0000] {logging_mixin.py:190} INFO - [2024-12-11T05:39:21.170+0000] {dag.py:4180} INFO - Setting next_dagrun for pro_dags_python_operator_get_data to 2024-12-10 15:00:00+00:00, run_after=2024-12-11 15:00:00+00:00
[2024-12-11T05:39:21.187+0000] {processor.py:208} INFO - Processing /opt/airflow/dags/dags_get_data2.py took 0.087 seconds
[2024-12-11T05:39:35.887+0000] {processor.py:186} INFO - Started process (PID=2346) to work on /opt/airflow/dags/dags_get_data2.py
[2024-12-11T05:39:35.888+0000] {processor.py:914} INFO - Processing file /opt/airflow/dags/dags_get_data2.py for tasks to queue
[2024-12-11T05:39:35.890+0000] {logging_mixin.py:190} INFO - [2024-12-11T05:39:35.889+0000] {dagbag.py:588} INFO - Filling up the DagBag from /opt/airflow/dags/dags_get_data2.py
[2024-12-11T05:39:35.908+0000] {processor.py:925} INFO - DAG(s) 'pro_dags_python_operator_get_data' retrieved from /opt/airflow/dags/dags_get_data2.py
[2024-12-11T05:39:35.918+0000] {logging_mixin.py:190} INFO - [2024-12-11T05:39:35.917+0000] {dag.py:3239} INFO - Sync 1 DAGs
[2024-12-11T05:39:35.941+0000] {logging_mixin.py:190} INFO - [2024-12-11T05:39:35.941+0000] {dag.py:4180} INFO - Setting next_dagrun for pro_dags_python_operator_get_data to 2024-12-10 15:00:00+00:00, run_after=2024-12-11 15:00:00+00:00
[2024-12-11T05:39:35.962+0000] {processor.py:208} INFO - Processing /opt/airflow/dags/dags_get_data2.py took 0.081 seconds
[2024-12-11T05:39:51.478+0000] {processor.py:186} INFO - Started process (PID=1213) to work on /opt/airflow/dags/dags_get_data2.py
[2024-12-11T05:39:51.483+0000] {processor.py:914} INFO - Processing file /opt/airflow/dags/dags_get_data2.py for tasks to queue
[2024-12-11T05:39:51.485+0000] {logging_mixin.py:190} INFO - [2024-12-11T05:39:51.485+0000] {dagbag.py:588} INFO - Filling up the DagBag from /opt/airflow/dags/dags_get_data2.py
[2024-12-11T05:39:51.508+0000] {processor.py:925} INFO - DAG(s) 'pro_dags_python_operator_get_data' retrieved from /opt/airflow/dags/dags_get_data2.py
[2024-12-11T05:39:51.516+0000] {logging_mixin.py:190} INFO - [2024-12-11T05:39:51.516+0000] {dag.py:3239} INFO - Sync 1 DAGs
[2024-12-11T05:39:51.548+0000] {logging_mixin.py:190} INFO - [2024-12-11T05:39:51.548+0000] {dag.py:4180} INFO - Setting next_dagrun for pro_dags_python_operator_get_data to 2024-12-10 15:00:00+00:00, run_after=2024-12-11 15:00:00+00:00
[2024-12-11T05:39:51.568+0000] {processor.py:208} INFO - Processing /opt/airflow/dags/dags_get_data2.py took 0.100 seconds
[2024-12-11T05:40:06.189+0000] {processor.py:186} INFO - Started process (PID=2411) to work on /opt/airflow/dags/dags_get_data2.py
[2024-12-11T05:40:06.190+0000] {processor.py:914} INFO - Processing file /opt/airflow/dags/dags_get_data2.py for tasks to queue
[2024-12-11T05:40:06.193+0000] {logging_mixin.py:190} INFO - [2024-12-11T05:40:06.193+0000] {dagbag.py:588} INFO - Filling up the DagBag from /opt/airflow/dags/dags_get_data2.py
[2024-12-11T05:40:06.215+0000] {processor.py:925} INFO - DAG(s) 'pro_dags_python_operator_get_data' retrieved from /opt/airflow/dags/dags_get_data2.py
[2024-12-11T05:40:06.226+0000] {logging_mixin.py:190} INFO - [2024-12-11T05:40:06.225+0000] {dag.py:3239} INFO - Sync 1 DAGs
[2024-12-11T05:40:06.251+0000] {logging_mixin.py:190} INFO - [2024-12-11T05:40:06.251+0000] {dag.py:4180} INFO - Setting next_dagrun for pro_dags_python_operator_get_data to 2024-12-10 15:00:00+00:00, run_after=2024-12-11 15:00:00+00:00
[2024-12-11T05:40:06.268+0000] {processor.py:208} INFO - Processing /opt/airflow/dags/dags_get_data2.py took 0.083 seconds
[2024-12-11T05:40:21.962+0000] {processor.py:186} INFO - Started process (PID=1284) to work on /opt/airflow/dags/dags_get_data2.py
[2024-12-11T05:40:21.964+0000] {processor.py:914} INFO - Processing file /opt/airflow/dags/dags_get_data2.py for tasks to queue
[2024-12-11T05:40:21.967+0000] {logging_mixin.py:190} INFO - [2024-12-11T05:40:21.966+0000] {dagbag.py:588} INFO - Filling up the DagBag from /opt/airflow/dags/dags_get_data2.py
[2024-12-11T05:40:21.984+0000] {processor.py:925} INFO - DAG(s) 'pro_dags_python_operator_get_data' retrieved from /opt/airflow/dags/dags_get_data2.py
[2024-12-11T05:40:21.993+0000] {logging_mixin.py:190} INFO - [2024-12-11T05:40:21.993+0000] {dag.py:3239} INFO - Sync 1 DAGs
[2024-12-11T05:40:22.009+0000] {logging_mixin.py:190} INFO - [2024-12-11T05:40:22.009+0000] {dag.py:4180} INFO - Setting next_dagrun for pro_dags_python_operator_get_data to 2024-12-10 15:00:00+00:00, run_after=2024-12-11 15:00:00+00:00
[2024-12-11T05:40:22.024+0000] {processor.py:208} INFO - Processing /opt/airflow/dags/dags_get_data2.py took 0.074 seconds
[2024-12-11T05:40:36.396+0000] {processor.py:186} INFO - Started process (PID=2476) to work on /opt/airflow/dags/dags_get_data2.py
[2024-12-11T05:40:36.398+0000] {processor.py:914} INFO - Processing file /opt/airflow/dags/dags_get_data2.py for tasks to queue
[2024-12-11T05:40:36.401+0000] {logging_mixin.py:190} INFO - [2024-12-11T05:40:36.401+0000] {dagbag.py:588} INFO - Filling up the DagBag from /opt/airflow/dags/dags_get_data2.py
[2024-12-11T05:40:36.434+0000] {processor.py:925} INFO - DAG(s) 'pro_dags_python_operator_get_data' retrieved from /opt/airflow/dags/dags_get_data2.py
[2024-12-11T05:40:36.449+0000] {logging_mixin.py:190} INFO - [2024-12-11T05:40:36.448+0000] {dag.py:3239} INFO - Sync 1 DAGs
[2024-12-11T05:40:36.485+0000] {logging_mixin.py:190} INFO - [2024-12-11T05:40:36.485+0000] {dag.py:4180} INFO - Setting next_dagrun for pro_dags_python_operator_get_data to 2024-12-10 15:00:00+00:00, run_after=2024-12-11 15:00:00+00:00
[2024-12-11T05:40:36.509+0000] {processor.py:208} INFO - Processing /opt/airflow/dags/dags_get_data2.py took 0.120 seconds
[2024-12-11T05:40:52.410+0000] {processor.py:186} INFO - Started process (PID=1349) to work on /opt/airflow/dags/dags_get_data2.py
[2024-12-11T05:40:52.413+0000] {processor.py:914} INFO - Processing file /opt/airflow/dags/dags_get_data2.py for tasks to queue
[2024-12-11T05:40:52.414+0000] {logging_mixin.py:190} INFO - [2024-12-11T05:40:52.414+0000] {dagbag.py:588} INFO - Filling up the DagBag from /opt/airflow/dags/dags_get_data2.py
[2024-12-11T05:40:52.438+0000] {processor.py:925} INFO - DAG(s) 'pro_dags_python_operator_get_data' retrieved from /opt/airflow/dags/dags_get_data2.py
[2024-12-11T05:40:52.466+0000] {logging_mixin.py:190} INFO - [2024-12-11T05:40:52.466+0000] {dag.py:3239} INFO - Sync 1 DAGs
[2024-12-11T05:40:52.489+0000] {logging_mixin.py:190} INFO - [2024-12-11T05:40:52.489+0000] {dag.py:4180} INFO - Setting next_dagrun for pro_dags_python_operator_get_data to 2024-12-10 15:00:00+00:00, run_after=2024-12-11 15:00:00+00:00
[2024-12-11T05:40:52.508+0000] {processor.py:208} INFO - Processing /opt/airflow/dags/dags_get_data2.py took 0.114 seconds
[2024-12-11T05:41:06.611+0000] {processor.py:186} INFO - Started process (PID=2541) to work on /opt/airflow/dags/dags_get_data2.py
[2024-12-11T05:41:06.613+0000] {processor.py:914} INFO - Processing file /opt/airflow/dags/dags_get_data2.py for tasks to queue
[2024-12-11T05:41:06.617+0000] {logging_mixin.py:190} INFO - [2024-12-11T05:41:06.617+0000] {dagbag.py:588} INFO - Filling up the DagBag from /opt/airflow/dags/dags_get_data2.py
[2024-12-11T05:41:06.641+0000] {processor.py:925} INFO - DAG(s) 'pro_dags_python_operator_get_data' retrieved from /opt/airflow/dags/dags_get_data2.py
[2024-12-11T05:41:06.653+0000] {logging_mixin.py:190} INFO - [2024-12-11T05:41:06.653+0000] {dag.py:3239} INFO - Sync 1 DAGs
[2024-12-11T05:41:06.672+0000] {logging_mixin.py:190} INFO - [2024-12-11T05:41:06.672+0000] {dag.py:4180} INFO - Setting next_dagrun for pro_dags_python_operator_get_data to 2024-12-10 15:00:00+00:00, run_after=2024-12-11 15:00:00+00:00
[2024-12-11T05:41:06.686+0000] {processor.py:208} INFO - Processing /opt/airflow/dags/dags_get_data2.py took 0.082 seconds
[2024-12-11T05:41:22.695+0000] {processor.py:186} INFO - Started process (PID=1413) to work on /opt/airflow/dags/dags_get_data2.py
[2024-12-11T05:41:22.700+0000] {processor.py:914} INFO - Processing file /opt/airflow/dags/dags_get_data2.py for tasks to queue
[2024-12-11T05:41:22.702+0000] {logging_mixin.py:190} INFO - [2024-12-11T05:41:22.702+0000] {dagbag.py:588} INFO - Filling up the DagBag from /opt/airflow/dags/dags_get_data2.py
[2024-12-11T05:41:22.721+0000] {processor.py:925} INFO - DAG(s) 'pro_dags_python_operator_get_data' retrieved from /opt/airflow/dags/dags_get_data2.py
[2024-12-11T05:41:22.728+0000] {logging_mixin.py:190} INFO - [2024-12-11T05:41:22.728+0000] {dag.py:3239} INFO - Sync 1 DAGs
[2024-12-11T05:41:22.748+0000] {logging_mixin.py:190} INFO - [2024-12-11T05:41:22.748+0000] {dag.py:4180} INFO - Setting next_dagrun for pro_dags_python_operator_get_data to 2024-12-10 15:00:00+00:00, run_after=2024-12-11 15:00:00+00:00
[2024-12-11T05:41:22.766+0000] {processor.py:208} INFO - Processing /opt/airflow/dags/dags_get_data2.py took 0.076 seconds
[2024-12-11T05:41:36.983+0000] {processor.py:186} INFO - Started process (PID=2606) to work on /opt/airflow/dags/dags_get_data2.py
[2024-12-11T05:41:36.984+0000] {processor.py:914} INFO - Processing file /opt/airflow/dags/dags_get_data2.py for tasks to queue
[2024-12-11T05:41:36.985+0000] {logging_mixin.py:190} INFO - [2024-12-11T05:41:36.985+0000] {dagbag.py:588} INFO - Filling up the DagBag from /opt/airflow/dags/dags_get_data2.py
[2024-12-11T05:41:37.001+0000] {processor.py:925} INFO - DAG(s) 'pro_dags_python_operator_get_data' retrieved from /opt/airflow/dags/dags_get_data2.py
[2024-12-11T05:41:37.010+0000] {logging_mixin.py:190} INFO - [2024-12-11T05:41:37.010+0000] {dag.py:3239} INFO - Sync 1 DAGs
[2024-12-11T05:41:37.027+0000] {logging_mixin.py:190} INFO - [2024-12-11T05:41:37.027+0000] {dag.py:4180} INFO - Setting next_dagrun for pro_dags_python_operator_get_data to 2024-12-10 15:00:00+00:00, run_after=2024-12-11 15:00:00+00:00
[2024-12-11T05:41:37.043+0000] {processor.py:208} INFO - Processing /opt/airflow/dags/dags_get_data2.py took 0.066 seconds
[2024-12-11T05:41:53.496+0000] {processor.py:186} INFO - Started process (PID=1478) to work on /opt/airflow/dags/dags_get_data2.py
[2024-12-11T05:41:53.497+0000] {processor.py:914} INFO - Processing file /opt/airflow/dags/dags_get_data2.py for tasks to queue
[2024-12-11T05:41:53.499+0000] {logging_mixin.py:190} INFO - [2024-12-11T05:41:53.499+0000] {dagbag.py:588} INFO - Filling up the DagBag from /opt/airflow/dags/dags_get_data2.py
[2024-12-11T05:41:53.517+0000] {processor.py:925} INFO - DAG(s) 'pro_dags_python_operator_get_data' retrieved from /opt/airflow/dags/dags_get_data2.py
[2024-12-11T05:41:53.530+0000] {logging_mixin.py:190} INFO - [2024-12-11T05:41:53.530+0000] {dag.py:3239} INFO - Sync 1 DAGs
[2024-12-11T05:41:53.546+0000] {logging_mixin.py:190} INFO - [2024-12-11T05:41:53.546+0000] {dag.py:4180} INFO - Setting next_dagrun for pro_dags_python_operator_get_data to 2024-12-10 15:00:00+00:00, run_after=2024-12-11 15:00:00+00:00
[2024-12-11T05:41:53.563+0000] {processor.py:208} INFO - Processing /opt/airflow/dags/dags_get_data2.py took 0.074 seconds
[2024-12-11T05:42:07.281+0000] {processor.py:186} INFO - Started process (PID=2671) to work on /opt/airflow/dags/dags_get_data2.py
[2024-12-11T05:42:07.281+0000] {processor.py:914} INFO - Processing file /opt/airflow/dags/dags_get_data2.py for tasks to queue
[2024-12-11T05:42:07.283+0000] {logging_mixin.py:190} INFO - [2024-12-11T05:42:07.283+0000] {dagbag.py:588} INFO - Filling up the DagBag from /opt/airflow/dags/dags_get_data2.py
[2024-12-11T05:42:07.311+0000] {processor.py:925} INFO - DAG(s) 'pro_dags_python_operator_get_data' retrieved from /opt/airflow/dags/dags_get_data2.py
[2024-12-11T05:42:07.320+0000] {logging_mixin.py:190} INFO - [2024-12-11T05:42:07.320+0000] {dag.py:3239} INFO - Sync 1 DAGs
[2024-12-11T05:42:07.343+0000] {logging_mixin.py:190} INFO - [2024-12-11T05:42:07.342+0000] {dag.py:4180} INFO - Setting next_dagrun for pro_dags_python_operator_get_data to 2024-12-10 15:00:00+00:00, run_after=2024-12-11 15:00:00+00:00
[2024-12-11T05:42:07.356+0000] {processor.py:208} INFO - Processing /opt/airflow/dags/dags_get_data2.py took 0.079 seconds
[2024-12-11T05:42:23.822+0000] {processor.py:186} INFO - Started process (PID=1543) to work on /opt/airflow/dags/dags_get_data2.py
[2024-12-11T05:42:23.824+0000] {processor.py:914} INFO - Processing file /opt/airflow/dags/dags_get_data2.py for tasks to queue
[2024-12-11T05:42:23.827+0000] {logging_mixin.py:190} INFO - [2024-12-11T05:42:23.826+0000] {dagbag.py:588} INFO - Filling up the DagBag from /opt/airflow/dags/dags_get_data2.py
[2024-12-11T05:42:23.855+0000] {processor.py:925} INFO - DAG(s) 'pro_dags_python_operator_get_data' retrieved from /opt/airflow/dags/dags_get_data2.py
[2024-12-11T05:42:23.866+0000] {logging_mixin.py:190} INFO - [2024-12-11T05:42:23.866+0000] {dag.py:3239} INFO - Sync 1 DAGs
[2024-12-11T05:42:23.894+0000] {logging_mixin.py:190} INFO - [2024-12-11T05:42:23.893+0000] {dag.py:4180} INFO - Setting next_dagrun for pro_dags_python_operator_get_data to 2024-12-10 15:00:00+00:00, run_after=2024-12-11 15:00:00+00:00
[2024-12-11T05:42:23.915+0000] {processor.py:208} INFO - Processing /opt/airflow/dags/dags_get_data2.py took 0.107 seconds
[2024-12-11T05:42:37.510+0000] {processor.py:186} INFO - Started process (PID=2736) to work on /opt/airflow/dags/dags_get_data2.py
[2024-12-11T05:42:37.511+0000] {processor.py:914} INFO - Processing file /opt/airflow/dags/dags_get_data2.py for tasks to queue
[2024-12-11T05:42:37.513+0000] {logging_mixin.py:190} INFO - [2024-12-11T05:42:37.512+0000] {dagbag.py:588} INFO - Filling up the DagBag from /opt/airflow/dags/dags_get_data2.py
[2024-12-11T05:42:37.539+0000] {processor.py:925} INFO - DAG(s) 'pro_dags_python_operator_get_data' retrieved from /opt/airflow/dags/dags_get_data2.py
[2024-12-11T05:42:37.550+0000] {logging_mixin.py:190} INFO - [2024-12-11T05:42:37.550+0000] {dag.py:3239} INFO - Sync 1 DAGs
[2024-12-11T05:42:37.570+0000] {logging_mixin.py:190} INFO - [2024-12-11T05:42:37.570+0000] {dag.py:4180} INFO - Setting next_dagrun for pro_dags_python_operator_get_data to 2024-12-10 15:00:00+00:00, run_after=2024-12-11 15:00:00+00:00
[2024-12-11T05:42:37.584+0000] {processor.py:208} INFO - Processing /opt/airflow/dags/dags_get_data2.py took 0.077 seconds
[2024-12-11T05:42:54.592+0000] {processor.py:186} INFO - Started process (PID=1607) to work on /opt/airflow/dags/dags_get_data2.py
[2024-12-11T05:42:54.594+0000] {processor.py:914} INFO - Processing file /opt/airflow/dags/dags_get_data2.py for tasks to queue
[2024-12-11T05:42:54.597+0000] {logging_mixin.py:190} INFO - [2024-12-11T05:42:54.596+0000] {dagbag.py:588} INFO - Filling up the DagBag from /opt/airflow/dags/dags_get_data2.py
[2024-12-11T05:42:54.624+0000] {processor.py:925} INFO - DAG(s) 'pro_dags_python_operator_get_data' retrieved from /opt/airflow/dags/dags_get_data2.py
[2024-12-11T05:42:54.642+0000] {logging_mixin.py:190} INFO - [2024-12-11T05:42:54.642+0000] {dag.py:3239} INFO - Sync 1 DAGs
[2024-12-11T05:42:54.676+0000] {logging_mixin.py:190} INFO - [2024-12-11T05:42:54.675+0000] {dag.py:4180} INFO - Setting next_dagrun for pro_dags_python_operator_get_data to 2024-12-10 15:00:00+00:00, run_after=2024-12-11 15:00:00+00:00
[2024-12-11T05:42:54.694+0000] {processor.py:208} INFO - Processing /opt/airflow/dags/dags_get_data2.py took 0.106 seconds
[2024-12-11T05:43:07.834+0000] {processor.py:186} INFO - Started process (PID=2801) to work on /opt/airflow/dags/dags_get_data2.py
[2024-12-11T05:43:07.834+0000] {processor.py:914} INFO - Processing file /opt/airflow/dags/dags_get_data2.py for tasks to queue
[2024-12-11T05:43:07.844+0000] {logging_mixin.py:190} INFO - [2024-12-11T05:43:07.842+0000] {dagbag.py:588} INFO - Filling up the DagBag from /opt/airflow/dags/dags_get_data2.py
[2024-12-11T05:43:07.863+0000] {processor.py:925} INFO - DAG(s) 'pro_dags_python_operator_get_data' retrieved from /opt/airflow/dags/dags_get_data2.py
[2024-12-11T05:43:07.871+0000] {logging_mixin.py:190} INFO - [2024-12-11T05:43:07.871+0000] {dag.py:3239} INFO - Sync 1 DAGs
[2024-12-11T05:43:07.887+0000] {logging_mixin.py:190} INFO - [2024-12-11T05:43:07.887+0000] {dag.py:4180} INFO - Setting next_dagrun for pro_dags_python_operator_get_data to 2024-12-10 15:00:00+00:00, run_after=2024-12-11 15:00:00+00:00
[2024-12-11T05:43:07.902+0000] {processor.py:208} INFO - Processing /opt/airflow/dags/dags_get_data2.py took 0.074 seconds
[2024-12-11T05:43:24.983+0000] {processor.py:186} INFO - Started process (PID=1673) to work on /opt/airflow/dags/dags_get_data2.py
[2024-12-11T05:43:24.984+0000] {processor.py:914} INFO - Processing file /opt/airflow/dags/dags_get_data2.py for tasks to queue
[2024-12-11T05:43:24.987+0000] {logging_mixin.py:190} INFO - [2024-12-11T05:43:24.987+0000] {dagbag.py:588} INFO - Filling up the DagBag from /opt/airflow/dags/dags_get_data2.py
[2024-12-11T05:43:25.064+0000] {processor.py:925} INFO - DAG(s) 'pro_dags_python_operator_get_data' retrieved from /opt/airflow/dags/dags_get_data2.py
[2024-12-11T05:43:25.079+0000] {logging_mixin.py:190} INFO - [2024-12-11T05:43:25.078+0000] {dag.py:3239} INFO - Sync 1 DAGs
[2024-12-11T05:43:25.105+0000] {logging_mixin.py:190} INFO - [2024-12-11T05:43:25.105+0000] {dag.py:4180} INFO - Setting next_dagrun for pro_dags_python_operator_get_data to 2024-12-10 15:00:00+00:00, run_after=2024-12-11 15:00:00+00:00
[2024-12-11T05:43:25.127+0000] {processor.py:208} INFO - Processing /opt/airflow/dags/dags_get_data2.py took 0.157 seconds
[2024-12-11T05:43:38.615+0000] {processor.py:186} INFO - Started process (PID=2866) to work on /opt/airflow/dags/dags_get_data2.py
[2024-12-11T05:43:38.617+0000] {processor.py:914} INFO - Processing file /opt/airflow/dags/dags_get_data2.py for tasks to queue
[2024-12-11T05:43:38.619+0000] {logging_mixin.py:190} INFO - [2024-12-11T05:43:38.619+0000] {dagbag.py:588} INFO - Filling up the DagBag from /opt/airflow/dags/dags_get_data2.py
[2024-12-11T05:43:38.683+0000] {processor.py:925} INFO - DAG(s) 'pro_dags_python_operator_get_data' retrieved from /opt/airflow/dags/dags_get_data2.py
[2024-12-11T05:43:38.698+0000] {logging_mixin.py:190} INFO - [2024-12-11T05:43:38.698+0000] {dag.py:3239} INFO - Sync 1 DAGs
[2024-12-11T05:43:38.728+0000] {logging_mixin.py:190} INFO - [2024-12-11T05:43:38.728+0000] {dag.py:4180} INFO - Setting next_dagrun for pro_dags_python_operator_get_data to 2024-12-10 15:00:00+00:00, run_after=2024-12-11 15:00:00+00:00
[2024-12-11T05:43:38.757+0000] {processor.py:208} INFO - Processing /opt/airflow/dags/dags_get_data2.py took 0.151 seconds
[2024-12-11T05:43:55.561+0000] {processor.py:186} INFO - Started process (PID=1738) to work on /opt/airflow/dags/dags_get_data2.py
[2024-12-11T05:43:55.562+0000] {processor.py:914} INFO - Processing file /opt/airflow/dags/dags_get_data2.py for tasks to queue
[2024-12-11T05:43:55.565+0000] {logging_mixin.py:190} INFO - [2024-12-11T05:43:55.564+0000] {dagbag.py:588} INFO - Filling up the DagBag from /opt/airflow/dags/dags_get_data2.py
[2024-12-11T05:43:55.621+0000] {processor.py:925} INFO - DAG(s) 'pro_dags_python_operator_get_data' retrieved from /opt/airflow/dags/dags_get_data2.py
[2024-12-11T05:43:55.634+0000] {logging_mixin.py:190} INFO - [2024-12-11T05:43:55.634+0000] {dag.py:3239} INFO - Sync 1 DAGs
[2024-12-11T05:43:55.673+0000] {logging_mixin.py:190} INFO - [2024-12-11T05:43:55.673+0000] {dag.py:4180} INFO - Setting next_dagrun for pro_dags_python_operator_get_data to 2024-12-10 15:00:00+00:00, run_after=2024-12-11 15:00:00+00:00
[2024-12-11T05:43:55.712+0000] {processor.py:208} INFO - Processing /opt/airflow/dags/dags_get_data2.py took 0.163 seconds
[2024-12-11T05:44:08.946+0000] {processor.py:186} INFO - Started process (PID=2931) to work on /opt/airflow/dags/dags_get_data2.py
[2024-12-11T05:44:08.947+0000] {processor.py:914} INFO - Processing file /opt/airflow/dags/dags_get_data2.py for tasks to queue
[2024-12-11T05:44:08.950+0000] {logging_mixin.py:190} INFO - [2024-12-11T05:44:08.950+0000] {dagbag.py:588} INFO - Filling up the DagBag from /opt/airflow/dags/dags_get_data2.py
[2024-12-11T05:44:08.981+0000] {processor.py:925} INFO - DAG(s) 'pro_dags_python_operator_get_data' retrieved from /opt/airflow/dags/dags_get_data2.py
[2024-12-11T05:44:08.991+0000] {logging_mixin.py:190} INFO - [2024-12-11T05:44:08.991+0000] {dag.py:3239} INFO - Sync 1 DAGs
[2024-12-11T05:44:09.012+0000] {logging_mixin.py:190} INFO - [2024-12-11T05:44:09.011+0000] {dag.py:4180} INFO - Setting next_dagrun for pro_dags_python_operator_get_data to 2024-12-10 15:00:00+00:00, run_after=2024-12-11 15:00:00+00:00
[2024-12-11T05:44:09.033+0000] {processor.py:208} INFO - Processing /opt/airflow/dags/dags_get_data2.py took 0.091 seconds
[2024-12-11T05:44:26.388+0000] {processor.py:186} INFO - Started process (PID=1803) to work on /opt/airflow/dags/dags_get_data2.py
[2024-12-11T05:44:26.390+0000] {processor.py:914} INFO - Processing file /opt/airflow/dags/dags_get_data2.py for tasks to queue
[2024-12-11T05:44:26.394+0000] {logging_mixin.py:190} INFO - [2024-12-11T05:44:26.393+0000] {dagbag.py:588} INFO - Filling up the DagBag from /opt/airflow/dags/dags_get_data2.py
[2024-12-11T05:44:26.427+0000] {processor.py:925} INFO - DAG(s) 'pro_dags_python_operator_get_data' retrieved from /opt/airflow/dags/dags_get_data2.py
[2024-12-11T05:44:26.439+0000] {logging_mixin.py:190} INFO - [2024-12-11T05:44:26.439+0000] {dag.py:3239} INFO - Sync 1 DAGs
[2024-12-11T05:44:26.470+0000] {logging_mixin.py:190} INFO - [2024-12-11T05:44:26.469+0000] {dag.py:4180} INFO - Setting next_dagrun for pro_dags_python_operator_get_data to 2024-12-10 15:00:00+00:00, run_after=2024-12-11 15:00:00+00:00
[2024-12-11T05:44:26.490+0000] {processor.py:208} INFO - Processing /opt/airflow/dags/dags_get_data2.py took 0.110 seconds
[2024-12-11T05:44:39.247+0000] {processor.py:186} INFO - Started process (PID=2996) to work on /opt/airflow/dags/dags_get_data2.py
[2024-12-11T05:44:39.248+0000] {processor.py:914} INFO - Processing file /opt/airflow/dags/dags_get_data2.py for tasks to queue
[2024-12-11T05:44:39.249+0000] {logging_mixin.py:190} INFO - [2024-12-11T05:44:39.249+0000] {dagbag.py:588} INFO - Filling up the DagBag from /opt/airflow/dags/dags_get_data2.py
[2024-12-11T05:44:39.270+0000] {processor.py:925} INFO - DAG(s) 'pro_dags_python_operator_get_data' retrieved from /opt/airflow/dags/dags_get_data2.py
[2024-12-11T05:44:39.280+0000] {logging_mixin.py:190} INFO - [2024-12-11T05:44:39.280+0000] {dag.py:3239} INFO - Sync 1 DAGs
[2024-12-11T05:44:39.300+0000] {logging_mixin.py:190} INFO - [2024-12-11T05:44:39.300+0000] {dag.py:4180} INFO - Setting next_dagrun for pro_dags_python_operator_get_data to 2024-12-10 15:00:00+00:00, run_after=2024-12-11 15:00:00+00:00
[2024-12-11T05:44:39.320+0000] {processor.py:208} INFO - Processing /opt/airflow/dags/dags_get_data2.py took 0.077 seconds
[2024-12-11T05:44:56.661+0000] {processor.py:186} INFO - Started process (PID=1868) to work on /opt/airflow/dags/dags_get_data2.py
[2024-12-11T05:44:56.663+0000] {processor.py:914} INFO - Processing file /opt/airflow/dags/dags_get_data2.py for tasks to queue
[2024-12-11T05:44:56.667+0000] {logging_mixin.py:190} INFO - [2024-12-11T05:44:56.665+0000] {dagbag.py:588} INFO - Filling up the DagBag from /opt/airflow/dags/dags_get_data2.py
[2024-12-11T05:44:56.703+0000] {processor.py:925} INFO - DAG(s) 'pro_dags_python_operator_get_data' retrieved from /opt/airflow/dags/dags_get_data2.py
[2024-12-11T05:44:56.718+0000] {logging_mixin.py:190} INFO - [2024-12-11T05:44:56.717+0000] {dag.py:3239} INFO - Sync 1 DAGs
[2024-12-11T05:44:56.757+0000] {logging_mixin.py:190} INFO - [2024-12-11T05:44:56.757+0000] {dag.py:4180} INFO - Setting next_dagrun for pro_dags_python_operator_get_data to 2024-12-10 15:00:00+00:00, run_after=2024-12-11 15:00:00+00:00
[2024-12-11T05:44:56.788+0000] {processor.py:208} INFO - Processing /opt/airflow/dags/dags_get_data2.py took 0.147 seconds
[2024-12-11T05:45:10.130+0000] {processor.py:186} INFO - Started process (PID=3060) to work on /opt/airflow/dags/dags_get_data2.py
[2024-12-11T05:45:10.135+0000] {processor.py:914} INFO - Processing file /opt/airflow/dags/dags_get_data2.py for tasks to queue
[2024-12-11T05:45:10.147+0000] {logging_mixin.py:190} INFO - [2024-12-11T05:45:10.146+0000] {dagbag.py:588} INFO - Filling up the DagBag from /opt/airflow/dags/dags_get_data2.py
[2024-12-11T05:45:10.225+0000] {processor.py:925} INFO - DAG(s) 'pro_dags_python_operator_get_data' retrieved from /opt/airflow/dags/dags_get_data2.py
[2024-12-11T05:45:10.250+0000] {logging_mixin.py:190} INFO - [2024-12-11T05:45:10.250+0000] {dag.py:3239} INFO - Sync 1 DAGs
[2024-12-11T05:45:10.314+0000] {logging_mixin.py:190} INFO - [2024-12-11T05:45:10.314+0000] {dag.py:4180} INFO - Setting next_dagrun for pro_dags_python_operator_get_data to 2024-12-10 15:00:00+00:00, run_after=2024-12-11 15:00:00+00:00
[2024-12-11T05:45:10.356+0000] {processor.py:208} INFO - Processing /opt/airflow/dags/dags_get_data2.py took 0.243 seconds
[2024-12-11T05:45:40.809+0000] {processor.py:186} INFO - Started process (PID=3125) to work on /opt/airflow/dags/dags_get_data2.py
[2024-12-11T05:45:40.810+0000] {processor.py:914} INFO - Processing file /opt/airflow/dags/dags_get_data2.py for tasks to queue
[2024-12-11T05:45:40.813+0000] {logging_mixin.py:190} INFO - [2024-12-11T05:45:40.813+0000] {dagbag.py:588} INFO - Filling up the DagBag from /opt/airflow/dags/dags_get_data2.py
[2024-12-11T05:45:40.840+0000] {processor.py:925} INFO - DAG(s) 'pro_dags_python_operator_get_data' retrieved from /opt/airflow/dags/dags_get_data2.py
[2024-12-11T05:45:40.853+0000] {logging_mixin.py:190} INFO - [2024-12-11T05:45:40.852+0000] {dag.py:3239} INFO - Sync 1 DAGs
[2024-12-11T05:45:40.879+0000] {logging_mixin.py:190} INFO - [2024-12-11T05:45:40.879+0000] {dag.py:4180} INFO - Setting next_dagrun for pro_dags_python_operator_get_data to 2024-12-10 15:00:00+00:00, run_after=2024-12-11 15:00:00+00:00
[2024-12-11T05:45:40.899+0000] {processor.py:208} INFO - Processing /opt/airflow/dags/dags_get_data2.py took 0.094 seconds
[2024-12-11T05:46:11.339+0000] {processor.py:186} INFO - Started process (PID=3190) to work on /opt/airflow/dags/dags_get_data2.py
[2024-12-11T05:46:11.341+0000] {processor.py:914} INFO - Processing file /opt/airflow/dags/dags_get_data2.py for tasks to queue
[2024-12-11T05:46:11.343+0000] {logging_mixin.py:190} INFO - [2024-12-11T05:46:11.343+0000] {dagbag.py:588} INFO - Filling up the DagBag from /opt/airflow/dags/dags_get_data2.py
[2024-12-11T05:46:11.380+0000] {processor.py:925} INFO - DAG(s) 'pro_dags_python_operator_get_data' retrieved from /opt/airflow/dags/dags_get_data2.py
[2024-12-11T05:46:11.391+0000] {logging_mixin.py:190} INFO - [2024-12-11T05:46:11.391+0000] {dag.py:3239} INFO - Sync 1 DAGs
[2024-12-11T05:46:11.418+0000] {logging_mixin.py:190} INFO - [2024-12-11T05:46:11.418+0000] {dag.py:4180} INFO - Setting next_dagrun for pro_dags_python_operator_get_data to 2024-12-10 15:00:00+00:00, run_after=2024-12-11 15:00:00+00:00
[2024-12-11T05:46:11.441+0000] {processor.py:208} INFO - Processing /opt/airflow/dags/dags_get_data2.py took 0.106 seconds
[2024-12-11T05:46:18.606+0000] {processor.py:186} INFO - Started process (PID=46) to work on /opt/airflow/dags/dags_get_data2.py
[2024-12-11T05:46:18.608+0000] {processor.py:914} INFO - Processing file /opt/airflow/dags/dags_get_data2.py for tasks to queue
[2024-12-11T05:46:18.612+0000] {logging_mixin.py:190} INFO - [2024-12-11T05:46:18.611+0000] {dagbag.py:588} INFO - Filling up the DagBag from /opt/airflow/dags/dags_get_data2.py
[2024-12-11T05:46:18.664+0000] {processor.py:925} INFO - DAG(s) 'pro_dags_python_operator_get_data' retrieved from /opt/airflow/dags/dags_get_data2.py
[2024-12-11T05:46:18.698+0000] {logging_mixin.py:190} INFO - [2024-12-11T05:46:18.697+0000] {dag.py:3239} INFO - Sync 1 DAGs
[2024-12-11T05:46:18.733+0000] {logging_mixin.py:190} INFO - [2024-12-11T05:46:18.732+0000] {dag.py:4180} INFO - Setting next_dagrun for pro_dags_python_operator_get_data to 2024-12-10 15:00:00+00:00, run_after=2024-12-11 15:00:00+00:00
[2024-12-11T05:46:18.758+0000] {processor.py:208} INFO - Processing /opt/airflow/dags/dags_get_data2.py took 0.164 seconds
[2024-12-11T05:46:42.294+0000] {processor.py:186} INFO - Started process (PID=3255) to work on /opt/airflow/dags/dags_get_data2.py
[2024-12-11T05:46:42.296+0000] {processor.py:914} INFO - Processing file /opt/airflow/dags/dags_get_data2.py for tasks to queue
[2024-12-11T05:46:42.298+0000] {logging_mixin.py:190} INFO - [2024-12-11T05:46:42.298+0000] {dagbag.py:588} INFO - Filling up the DagBag from /opt/airflow/dags/dags_get_data2.py
[2024-12-11T05:46:42.323+0000] {processor.py:925} INFO - DAG(s) 'pro_dags_python_operator_get_data' retrieved from /opt/airflow/dags/dags_get_data2.py
[2024-12-11T05:46:42.335+0000] {logging_mixin.py:190} INFO - [2024-12-11T05:46:42.335+0000] {dag.py:3239} INFO - Sync 1 DAGs
[2024-12-11T05:46:42.366+0000] {logging_mixin.py:190} INFO - [2024-12-11T05:46:42.366+0000] {dag.py:4180} INFO - Setting next_dagrun for pro_dags_python_operator_get_data to 2024-12-10 15:00:00+00:00, run_after=2024-12-11 15:00:00+00:00
[2024-12-11T05:46:42.385+0000] {processor.py:208} INFO - Processing /opt/airflow/dags/dags_get_data2.py took 0.101 seconds
[2024-12-11T05:46:49.629+0000] {processor.py:186} INFO - Started process (PID=111) to work on /opt/airflow/dags/dags_get_data2.py
[2024-12-11T05:46:49.635+0000] {processor.py:914} INFO - Processing file /opt/airflow/dags/dags_get_data2.py for tasks to queue
[2024-12-11T05:46:49.647+0000] {logging_mixin.py:190} INFO - [2024-12-11T05:46:49.646+0000] {dagbag.py:588} INFO - Filling up the DagBag from /opt/airflow/dags/dags_get_data2.py
[2024-12-11T05:46:49.680+0000] {processor.py:925} INFO - DAG(s) 'pro_dags_python_operator_get_data' retrieved from /opt/airflow/dags/dags_get_data2.py
[2024-12-11T05:46:49.694+0000] {logging_mixin.py:190} INFO - [2024-12-11T05:46:49.694+0000] {dag.py:3239} INFO - Sync 1 DAGs
[2024-12-11T05:46:49.723+0000] {logging_mixin.py:190} INFO - [2024-12-11T05:46:49.723+0000] {dag.py:4180} INFO - Setting next_dagrun for pro_dags_python_operator_get_data to 2024-12-10 15:00:00+00:00, run_after=2024-12-11 15:00:00+00:00
[2024-12-11T05:46:49.750+0000] {processor.py:208} INFO - Processing /opt/airflow/dags/dags_get_data2.py took 0.146 seconds
[2024-12-11T05:47:13.080+0000] {processor.py:186} INFO - Started process (PID=3320) to work on /opt/airflow/dags/dags_get_data2.py
[2024-12-11T05:47:13.082+0000] {processor.py:914} INFO - Processing file /opt/airflow/dags/dags_get_data2.py for tasks to queue
[2024-12-11T05:47:13.085+0000] {logging_mixin.py:190} INFO - [2024-12-11T05:47:13.084+0000] {dagbag.py:588} INFO - Filling up the DagBag from /opt/airflow/dags/dags_get_data2.py
[2024-12-11T05:47:13.104+0000] {processor.py:925} INFO - DAG(s) 'pro_dags_python_operator_get_data' retrieved from /opt/airflow/dags/dags_get_data2.py
[2024-12-11T05:47:13.113+0000] {logging_mixin.py:190} INFO - [2024-12-11T05:47:13.113+0000] {dag.py:3239} INFO - Sync 1 DAGs
[2024-12-11T05:47:13.134+0000] {logging_mixin.py:190} INFO - [2024-12-11T05:47:13.133+0000] {dag.py:4180} INFO - Setting next_dagrun for pro_dags_python_operator_get_data to 2024-12-10 15:00:00+00:00, run_after=2024-12-11 15:00:00+00:00
[2024-12-11T05:47:13.154+0000] {processor.py:208} INFO - Processing /opt/airflow/dags/dags_get_data2.py took 0.083 seconds
[2024-12-11T05:47:19.988+0000] {processor.py:186} INFO - Started process (PID=176) to work on /opt/airflow/dags/dags_get_data2.py
[2024-12-11T05:47:19.989+0000] {processor.py:914} INFO - Processing file /opt/airflow/dags/dags_get_data2.py for tasks to queue
[2024-12-11T05:47:19.994+0000] {logging_mixin.py:190} INFO - [2024-12-11T05:47:19.990+0000] {dagbag.py:588} INFO - Filling up the DagBag from /opt/airflow/dags/dags_get_data2.py
[2024-12-11T05:47:20.017+0000] {processor.py:925} INFO - DAG(s) 'pro_dags_python_operator_get_data' retrieved from /opt/airflow/dags/dags_get_data2.py
[2024-12-11T05:47:20.026+0000] {logging_mixin.py:190} INFO - [2024-12-11T05:47:20.025+0000] {dag.py:3239} INFO - Sync 1 DAGs
[2024-12-11T05:47:20.054+0000] {logging_mixin.py:190} INFO - [2024-12-11T05:47:20.054+0000] {dag.py:4180} INFO - Setting next_dagrun for pro_dags_python_operator_get_data to 2024-12-10 15:00:00+00:00, run_after=2024-12-11 15:00:00+00:00
[2024-12-11T05:47:20.073+0000] {processor.py:208} INFO - Processing /opt/airflow/dags/dags_get_data2.py took 0.091 seconds
[2024-12-11T05:47:43.988+0000] {processor.py:186} INFO - Started process (PID=3385) to work on /opt/airflow/dags/dags_get_data2.py
[2024-12-11T05:47:43.991+0000] {processor.py:914} INFO - Processing file /opt/airflow/dags/dags_get_data2.py for tasks to queue
[2024-12-11T05:47:43.992+0000] {logging_mixin.py:190} INFO - [2024-12-11T05:47:43.992+0000] {dagbag.py:588} INFO - Filling up the DagBag from /opt/airflow/dags/dags_get_data2.py
[2024-12-11T05:47:44.009+0000] {processor.py:925} INFO - DAG(s) 'pro_dags_python_operator_get_data' retrieved from /opt/airflow/dags/dags_get_data2.py
[2024-12-11T05:47:44.020+0000] {logging_mixin.py:190} INFO - [2024-12-11T05:47:44.020+0000] {dag.py:3239} INFO - Sync 1 DAGs
[2024-12-11T05:47:44.038+0000] {logging_mixin.py:190} INFO - [2024-12-11T05:47:44.038+0000] {dag.py:4180} INFO - Setting next_dagrun for pro_dags_python_operator_get_data to 2024-12-10 15:00:00+00:00, run_after=2024-12-11 15:00:00+00:00
[2024-12-11T05:47:44.051+0000] {processor.py:208} INFO - Processing /opt/airflow/dags/dags_get_data2.py took 0.068 seconds
[2024-12-11T05:47:50.672+0000] {processor.py:186} INFO - Started process (PID=241) to work on /opt/airflow/dags/dags_get_data2.py
[2024-12-11T05:47:50.673+0000] {processor.py:914} INFO - Processing file /opt/airflow/dags/dags_get_data2.py for tasks to queue
[2024-12-11T05:47:50.678+0000] {logging_mixin.py:190} INFO - [2024-12-11T05:47:50.677+0000] {dagbag.py:588} INFO - Filling up the DagBag from /opt/airflow/dags/dags_get_data2.py
[2024-12-11T05:47:50.710+0000] {processor.py:925} INFO - DAG(s) 'pro_dags_python_operator_get_data' retrieved from /opt/airflow/dags/dags_get_data2.py
[2024-12-11T05:47:50.721+0000] {logging_mixin.py:190} INFO - [2024-12-11T05:47:50.720+0000] {dag.py:3239} INFO - Sync 1 DAGs
[2024-12-11T05:47:50.744+0000] {logging_mixin.py:190} INFO - [2024-12-11T05:47:50.744+0000] {dag.py:4180} INFO - Setting next_dagrun for pro_dags_python_operator_get_data to 2024-12-10 15:00:00+00:00, run_after=2024-12-11 15:00:00+00:00
[2024-12-11T05:47:50.764+0000] {processor.py:208} INFO - Processing /opt/airflow/dags/dags_get_data2.py took 0.098 seconds
[2024-12-11T05:48:14.323+0000] {processor.py:186} INFO - Started process (PID=3450) to work on /opt/airflow/dags/dags_get_data2.py
[2024-12-11T05:48:14.326+0000] {processor.py:914} INFO - Processing file /opt/airflow/dags/dags_get_data2.py for tasks to queue
[2024-12-11T05:48:14.336+0000] {logging_mixin.py:190} INFO - [2024-12-11T05:48:14.335+0000] {dagbag.py:588} INFO - Filling up the DagBag from /opt/airflow/dags/dags_get_data2.py
[2024-12-11T05:48:14.359+0000] {processor.py:925} INFO - DAG(s) 'pro_dags_python_operator_get_data' retrieved from /opt/airflow/dags/dags_get_data2.py
[2024-12-11T05:48:14.368+0000] {logging_mixin.py:190} INFO - [2024-12-11T05:48:14.368+0000] {dag.py:3239} INFO - Sync 1 DAGs
[2024-12-11T05:48:14.390+0000] {logging_mixin.py:190} INFO - [2024-12-11T05:48:14.390+0000] {dag.py:4180} INFO - Setting next_dagrun for pro_dags_python_operator_get_data to 2024-12-10 15:00:00+00:00, run_after=2024-12-11 15:00:00+00:00
[2024-12-11T05:48:14.404+0000] {processor.py:208} INFO - Processing /opt/airflow/dags/dags_get_data2.py took 0.086 seconds
[2024-12-11T05:48:21.332+0000] {processor.py:186} INFO - Started process (PID=306) to work on /opt/airflow/dags/dags_get_data2.py
[2024-12-11T05:48:21.334+0000] {processor.py:914} INFO - Processing file /opt/airflow/dags/dags_get_data2.py for tasks to queue
[2024-12-11T05:48:21.346+0000] {logging_mixin.py:190} INFO - [2024-12-11T05:48:21.346+0000] {dagbag.py:588} INFO - Filling up the DagBag from /opt/airflow/dags/dags_get_data2.py
[2024-12-11T05:48:21.370+0000] {processor.py:925} INFO - DAG(s) 'pro_dags_python_operator_get_data' retrieved from /opt/airflow/dags/dags_get_data2.py
[2024-12-11T05:48:21.385+0000] {logging_mixin.py:190} INFO - [2024-12-11T05:48:21.385+0000] {dag.py:3239} INFO - Sync 1 DAGs
[2024-12-11T05:48:21.404+0000] {logging_mixin.py:190} INFO - [2024-12-11T05:48:21.403+0000] {dag.py:4180} INFO - Setting next_dagrun for pro_dags_python_operator_get_data to 2024-12-10 15:00:00+00:00, run_after=2024-12-11 15:00:00+00:00
[2024-12-11T05:48:21.421+0000] {processor.py:208} INFO - Processing /opt/airflow/dags/dags_get_data2.py took 0.097 seconds
[2024-12-11T05:48:44.588+0000] {processor.py:186} INFO - Started process (PID=3514) to work on /opt/airflow/dags/dags_get_data2.py
[2024-12-11T05:48:44.589+0000] {processor.py:914} INFO - Processing file /opt/airflow/dags/dags_get_data2.py for tasks to queue
[2024-12-11T05:48:44.591+0000] {logging_mixin.py:190} INFO - [2024-12-11T05:48:44.591+0000] {dagbag.py:588} INFO - Filling up the DagBag from /opt/airflow/dags/dags_get_data2.py
[2024-12-11T05:48:44.607+0000] {processor.py:925} INFO - DAG(s) 'pro_dags_python_operator_get_data' retrieved from /opt/airflow/dags/dags_get_data2.py
[2024-12-11T05:48:44.614+0000] {logging_mixin.py:190} INFO - [2024-12-11T05:48:44.614+0000] {dag.py:3239} INFO - Sync 1 DAGs
[2024-12-11T05:48:44.634+0000] {logging_mixin.py:190} INFO - [2024-12-11T05:48:44.633+0000] {dag.py:4180} INFO - Setting next_dagrun for pro_dags_python_operator_get_data to 2024-12-10 15:00:00+00:00, run_after=2024-12-11 15:00:00+00:00
[2024-12-11T05:48:44.648+0000] {processor.py:208} INFO - Processing /opt/airflow/dags/dags_get_data2.py took 0.067 seconds
[2024-12-11T05:48:52.362+0000] {processor.py:186} INFO - Started process (PID=371) to work on /opt/airflow/dags/dags_get_data2.py
[2024-12-11T05:48:52.362+0000] {processor.py:914} INFO - Processing file /opt/airflow/dags/dags_get_data2.py for tasks to queue
[2024-12-11T05:48:52.364+0000] {logging_mixin.py:190} INFO - [2024-12-11T05:48:52.364+0000] {dagbag.py:588} INFO - Filling up the DagBag from /opt/airflow/dags/dags_get_data2.py
[2024-12-11T05:48:52.383+0000] {processor.py:925} INFO - DAG(s) 'pro_dags_python_operator_get_data' retrieved from /opt/airflow/dags/dags_get_data2.py
[2024-12-11T05:48:52.400+0000] {logging_mixin.py:190} INFO - [2024-12-11T05:48:52.399+0000] {dag.py:3239} INFO - Sync 1 DAGs
[2024-12-11T05:48:52.421+0000] {logging_mixin.py:190} INFO - [2024-12-11T05:48:52.421+0000] {dag.py:4180} INFO - Setting next_dagrun for pro_dags_python_operator_get_data to 2024-12-10 15:00:00+00:00, run_after=2024-12-11 15:00:00+00:00
[2024-12-11T05:48:52.435+0000] {processor.py:208} INFO - Processing /opt/airflow/dags/dags_get_data2.py took 0.082 seconds
[2024-12-11T05:49:14.714+0000] {processor.py:186} INFO - Started process (PID=3579) to work on /opt/airflow/dags/dags_get_data2.py
[2024-12-11T05:49:14.718+0000] {processor.py:914} INFO - Processing file /opt/airflow/dags/dags_get_data2.py for tasks to queue
[2024-12-11T05:49:14.721+0000] {logging_mixin.py:190} INFO - [2024-12-11T05:49:14.720+0000] {dagbag.py:588} INFO - Filling up the DagBag from /opt/airflow/dags/dags_get_data2.py
[2024-12-11T05:49:14.760+0000] {processor.py:925} INFO - DAG(s) 'pro_dags_python_operator_get_data' retrieved from /opt/airflow/dags/dags_get_data2.py
[2024-12-11T05:49:14.772+0000] {logging_mixin.py:190} INFO - [2024-12-11T05:49:14.771+0000] {dag.py:3239} INFO - Sync 1 DAGs
[2024-12-11T05:49:14.978+0000] {logging_mixin.py:190} INFO - [2024-12-11T05:49:14.977+0000] {dag.py:4180} INFO - Setting next_dagrun for pro_dags_python_operator_get_data to 2024-12-10 15:00:00+00:00, run_after=2024-12-11 15:00:00+00:00
[2024-12-11T05:49:14.991+0000] {processor.py:208} INFO - Processing /opt/airflow/dags/dags_get_data2.py took 0.288 seconds
[2024-12-11T05:49:22.544+0000] {processor.py:186} INFO - Started process (PID=436) to work on /opt/airflow/dags/dags_get_data2.py
[2024-12-11T05:49:22.544+0000] {processor.py:914} INFO - Processing file /opt/airflow/dags/dags_get_data2.py for tasks to queue
[2024-12-11T05:49:22.547+0000] {logging_mixin.py:190} INFO - [2024-12-11T05:49:22.546+0000] {dagbag.py:588} INFO - Filling up the DagBag from /opt/airflow/dags/dags_get_data2.py
[2024-12-11T05:49:22.565+0000] {processor.py:925} INFO - DAG(s) 'pro_dags_python_operator_get_data' retrieved from /opt/airflow/dags/dags_get_data2.py
[2024-12-11T05:49:22.572+0000] {logging_mixin.py:190} INFO - [2024-12-11T05:49:22.572+0000] {dag.py:3239} INFO - Sync 1 DAGs
[2024-12-11T05:49:22.595+0000] {logging_mixin.py:190} INFO - [2024-12-11T05:49:22.595+0000] {dag.py:4180} INFO - Setting next_dagrun for pro_dags_python_operator_get_data to 2024-12-10 15:00:00+00:00, run_after=2024-12-11 15:00:00+00:00
[2024-12-11T05:49:22.613+0000] {processor.py:208} INFO - Processing /opt/airflow/dags/dags_get_data2.py took 0.084 seconds
[2024-12-11T05:49:45.734+0000] {processor.py:186} INFO - Started process (PID=3643) to work on /opt/airflow/dags/dags_get_data2.py
[2024-12-11T05:49:45.743+0000] {processor.py:914} INFO - Processing file /opt/airflow/dags/dags_get_data2.py for tasks to queue
[2024-12-11T05:49:45.745+0000] {logging_mixin.py:190} INFO - [2024-12-11T05:49:45.745+0000] {dagbag.py:588} INFO - Filling up the DagBag from /opt/airflow/dags/dags_get_data2.py
[2024-12-11T05:49:45.763+0000] {processor.py:925} INFO - DAG(s) 'pro_dags_python_operator_get_data' retrieved from /opt/airflow/dags/dags_get_data2.py
[2024-12-11T05:49:45.774+0000] {logging_mixin.py:190} INFO - [2024-12-11T05:49:45.774+0000] {dag.py:3239} INFO - Sync 1 DAGs
[2024-12-11T05:49:45.801+0000] {logging_mixin.py:190} INFO - [2024-12-11T05:49:45.801+0000] {dag.py:4180} INFO - Setting next_dagrun for pro_dags_python_operator_get_data to 2024-12-10 15:00:00+00:00, run_after=2024-12-11 15:00:00+00:00
[2024-12-11T05:49:46.007+0000] {processor.py:208} INFO - Processing /opt/airflow/dags/dags_get_data2.py took 0.277 seconds
[2024-12-11T05:49:52.829+0000] {processor.py:186} INFO - Started process (PID=500) to work on /opt/airflow/dags/dags_get_data2.py
[2024-12-11T05:49:52.829+0000] {processor.py:914} INFO - Processing file /opt/airflow/dags/dags_get_data2.py for tasks to queue
[2024-12-11T05:49:52.831+0000] {logging_mixin.py:190} INFO - [2024-12-11T05:49:52.831+0000] {dagbag.py:588} INFO - Filling up the DagBag from /opt/airflow/dags/dags_get_data2.py
[2024-12-11T05:49:52.854+0000] {processor.py:925} INFO - DAG(s) 'pro_dags_python_operator_get_data' retrieved from /opt/airflow/dags/dags_get_data2.py
[2024-12-11T05:49:52.861+0000] {logging_mixin.py:190} INFO - [2024-12-11T05:49:52.861+0000] {dag.py:3239} INFO - Sync 1 DAGs
[2024-12-11T05:49:52.889+0000] {logging_mixin.py:190} INFO - [2024-12-11T05:49:52.889+0000] {dag.py:4180} INFO - Setting next_dagrun for pro_dags_python_operator_get_data to 2024-12-10 15:00:00+00:00, run_after=2024-12-11 15:00:00+00:00
[2024-12-11T05:49:52.903+0000] {processor.py:208} INFO - Processing /opt/airflow/dags/dags_get_data2.py took 0.079 seconds
